#
# There is insufficient memory for the Java Runtime Environment to continue.
# Native memory allocation (malloc) failed to allocate 144816 bytes for Chunk::new
# Possible reasons:
#   The system is out of physical RAM or swap space
#   The process is running with CompressedOops enabled, and the Java Heap may be blocking the growth of the native heap
# Possible solutions:
#   Reduce memory load on the system
#   Increase physical memory or swap space
#   Check if swap backing store is full
#   Decrease Java heap size (-Xmx/-Xms)
#   Decrease number of Java threads
#   Decrease Java thread stack sizes (-Xss)
#   Set larger code cache with -XX:ReservedCodeCacheSize=
#   JVM is running with Unscaled Compressed Oops mode in which the Java heap is
#     placed in the first 4GB address space. The Java Heap base address is the
#     maximum limit for the native heap growth. Please use -XX:HeapBaseMinAddress
#     to set the Java Heap base and to place the Java Heap above 4GB virtual address.
# This output file may be truncated or incomplete.
#
#  Out of Memory Error (./open/src/hotspot/share/memory/arena.cpp:197), pid=7340, tid=13880
#
# JRE version: Java(TM) SE Runtime Environment 18.9 (11.0.10+8) (build 11.0.10+8-LTS-162)
# Java VM: Java HotSpot(TM) 64-Bit Server VM 18.9 (11.0.10+8-LTS-162, mixed mode, tiered, compressed oops, g1 gc, windows-amd64)
# No core dump will be written. Minidumps are not enabled by default on client versions of Windows
#

---------------  S U M M A R Y ------------

Command Line: --add-opens=java.base/java.util=ALL-UNNAMED --add-opens=java.base/java.lang=ALL-UNNAMED --add-opens=java.base/java.lang.invoke=ALL-UNNAMED --add-opens=java.prefs/java.util.prefs=ALL-UNNAMED -Xmx2048m -Dfile.encoding=UTF-8 -Duser.country=ID -Duser.language=en -Duser.variant org.gradle.launcher.daemon.bootstrap.GradleDaemon 6.5

Host: Intel(R) Core(TM) i5-8250U CPU @ 1.60GHz, 8 cores, 11G,  Windows 10 , 64 bit Build 19041 (10.0.19041.928)
Time: Thu Apr 22 00:12:29 2021 SE Asia Standard Time elapsed time: 3.418460 seconds (0d 0h 0m 3s)

---------------  T H R E A D  ---------------

Current thread (0x000002409fdb3800):  JavaThread "C2 CompilerThread0" daemon [_thread_in_native, id=13880, stack(0x0000006906c00000,0x0000006906d00000)]


Current CompileTask:
C2:   3418 2315       4       java.lang.reflect.ProxyGenerator$ConstantPool::getIndirect (63 bytes)

Stack: [0x0000006906c00000,0x0000006906d00000]
Native frames: (J=compiled Java code, j=interpreted, Vv=VM code, C=native code)
V  [jvm.dll+0x613e6a]
V  [jvm.dll+0x74c1ff]
V  [jvm.dll+0x74d885]
V  [jvm.dll+0x74df03]
V  [jvm.dll+0x243b78]
V  [jvm.dll+0xba2cc]
V  [jvm.dll+0xba9cc]
V  [jvm.dll+0x3469c7]
V  [jvm.dll+0x193f03]
V  [jvm.dll+0x1fd4a2]
V  [jvm.dll+0x1fc54f]
V  [jvm.dll+0x17f09c]
V  [jvm.dll+0x20bbd4]
V  [jvm.dll+0x209cab]
V  [jvm.dll+0x713619]
V  [jvm.dll+0x70c314]
V  [jvm.dll+0x613036]
C  [ucrtbase.dll+0x21bb2]
C  [KERNEL32.DLL+0x17034]
C  [ntdll.dll+0x52651]


---------------  P R O C E S S  ---------------

Threads class SMR info:
_java_thread_list=0x00000240a44cf3f0, length=29, elements={
0x00000240f7d2a000, 0x000002409f551800, 0x000002409f553000, 0x000002409f557000,
0x000002409fdb2800, 0x000002409fdb3800, 0x000002409fdb6800, 0x000002409fdc0800,
0x000002409ff2a000, 0x000002409ff55000, 0x00000240a1f97800, 0x00000240a0029800,
0x00000240a1d67800, 0x00000240a1816800, 0x00000240a1318800, 0x00000240a0e59800,
0x00000240a1755000, 0x00000240a1ec5800, 0x00000240a12eb800, 0x00000240a12ee800,
0x00000240a1e07800, 0x00000240a1e05000, 0x00000240a1e08800, 0x00000240a1dcc800,
0x00000240a1e06000, 0x00000240a1e06800, 0x00000240a1e09000, 0x00000240a1e0a000,
0x00000240a1e04800
}

Java Threads: ( => current thread )
  0x00000240f7d2a000 JavaThread "main" [_thread_blocked, id=12072, stack(0x0000006906100000,0x0000006906200000)]
  0x000002409f551800 JavaThread "Reference Handler" daemon [_thread_blocked, id=9708, stack(0x0000006906800000,0x0000006906900000)]
  0x000002409f553000 JavaThread "Finalizer" daemon [_thread_blocked, id=14504, stack(0x0000006906900000,0x0000006906a00000)]
  0x000002409f557000 JavaThread "Signal Dispatcher" daemon [_thread_blocked, id=8168, stack(0x0000006906a00000,0x0000006906b00000)]
  0x000002409fdb2800 JavaThread "Attach Listener" daemon [_thread_blocked, id=10292, stack(0x0000006906b00000,0x0000006906c00000)]
=>0x000002409fdb3800 JavaThread "C2 CompilerThread0" daemon [_thread_in_native, id=13880, stack(0x0000006906c00000,0x0000006906d00000)]
  0x000002409fdb6800 JavaThread "C1 CompilerThread0" daemon [_thread_blocked, id=8812, stack(0x0000006906d00000,0x0000006906e00000)]
  0x000002409fdc0800 JavaThread "Sweeper thread" daemon [_thread_blocked, id=6868, stack(0x0000006906e00000,0x0000006906f00000)]
  0x000002409ff2a000 JavaThread "Common-Cleaner" daemon [_thread_blocked, id=10048, stack(0x0000006906f00000,0x0000006907000000)]
  0x000002409ff55000 JavaThread "Service Thread" daemon [_thread_blocked, id=9264, stack(0x0000006907000000,0x0000006907100000)]
  0x00000240a1f97800 JavaThread "Daemon health stats" [_thread_blocked, id=560, stack(0x0000006907600000,0x0000006907700000)]
  0x00000240a0029800 JavaThread "Incoming local TCP Connector on port 55269" [_thread_in_native, id=15528, stack(0x0000006907800000,0x0000006907900000)]
  0x00000240a1d67800 JavaThread "Daemon periodic checks" [_thread_blocked, id=7172, stack(0x0000006907900000,0x0000006907a00000)]
  0x00000240a1816800 JavaThread "Daemon" [_thread_blocked, id=10304, stack(0x0000006907a00000,0x0000006907b00000)]
  0x00000240a1318800 JavaThread "Handler for socket connection from /127.0.0.1:55269 to /127.0.0.1:55270" [_thread_in_native, id=668, stack(0x0000006907b00000,0x0000006907c00000)]
  0x00000240a0e59800 JavaThread "Cancel handler" [_thread_blocked, id=7796, stack(0x0000006907c00000,0x0000006907d00000)]
  0x00000240a1755000 JavaThread "Daemon worker" [_thread_in_Java, id=12692, stack(0x0000006907d00000,0x0000006907e00000)]
  0x00000240a1ec5800 JavaThread "Asynchronous log dispatcher for DefaultDaemonConnection: socket connection from /127.0.0.1:55269 to /127.0.0.1:55270" [_thread_blocked, id=2580, stack(0x0000006907e00000,0x0000006907f00000)]
  0x00000240a12eb800 JavaThread "Stdin handler" [_thread_blocked, id=10752, stack(0x0000006907f00000,0x0000006908000000)]
  0x00000240a12ee800 JavaThread "Thread-8" [_thread_blocked, id=4796, stack(0x0000006908000000,0x0000006908100000)]
  0x00000240a1e07800 JavaThread "Cache worker for journal cache (C:\Users\USER\.gradle\caches\journal-1)" [_thread_blocked, id=8020, stack(0x0000006908100000,0x0000006908200000)]
  0x00000240a1e05000 JavaThread "File lock request listener" [_thread_in_native, id=12104, stack(0x0000006908200000,0x0000006908300000)]
  0x00000240a1e08800 JavaThread "Cache worker for file hash cache (C:\Users\USER\.gradle\caches\6.5\fileHashes)" [_thread_blocked, id=1788, stack(0x0000006908300000,0x0000006908400000)]
  0x00000240a1dcc800 JavaThread "C2 CompilerThread1" daemon [_thread_in_native, id=14520, stack(0x0000006908900000,0x0000006908a00000)]
  0x00000240a1e06000 JavaThread "Cache worker for file hash cache (D:\Data Kuliah\Semester 6\PPB\Download\Theatrum\.gradle\6.5\fileHashes)" [_thread_blocked, id=10336, stack(0x0000006908b00000,0x0000006908c00000)]
  0x00000240a1e06800 JavaThread "Cache worker for checksums cache (D:\Data Kuliah\Semester 6\PPB\Download\Theatrum\.gradle\checksums)" [_thread_blocked, id=16252, stack(0x0000006908c00000,0x0000006908d00000)]
  0x00000240a1e09000 JavaThread "Cache worker for cache directory md-supplier (C:\Users\USER\.gradle\caches\6.5\md-supplier)" [_thread_blocked, id=7612, stack(0x0000006908d00000,0x0000006908e00000)]
  0x00000240a1e0a000 JavaThread "Cache worker for cache directory md-rule (C:\Users\USER\.gradle\caches\6.5\md-rule)" [_thread_blocked, id=7752, stack(0x0000006908a00000,0x0000006908b00000)]
  0x00000240a1e04800 JavaThread "Cache worker for execution history cache (C:\Users\USER\.gradle\caches\6.5\executionHistory)" [_thread_blocked, id=9172, stack(0x0000006908e00000,0x0000006908f00000)]

Other Threads:
  0x000002409f54f800 VMThread "VM Thread" [stack: 0x0000006906700000,0x0000006906800000] [id=2676]
  0x000002409ff56800 WatcherThread [stack: 0x0000006907100000,0x0000006907200000] [id=2212]
  0x00000240f7d3e800 GCTaskThread "GC Thread#0" [stack: 0x0000006906200000,0x0000006906300000] [id=8608]
  0x00000240a09f7800 GCTaskThread "GC Thread#1" [stack: 0x0000006907300000,0x0000006907400000] [id=12404]
  0x00000240a08f0800 GCTaskThread "GC Thread#2" [stack: 0x0000006907400000,0x0000006907500000] [id=4944]
  0x00000240a0b81800 GCTaskThread "GC Thread#3" [stack: 0x0000006907500000,0x0000006907600000] [id=13040]
  0x00000240a2195800 GCTaskThread "GC Thread#4" [stack: 0x0000006908400000,0x0000006908500000] [id=3512]
  0x00000240a1c9e800 GCTaskThread "GC Thread#5" [stack: 0x0000006908500000,0x0000006908600000] [id=14624]
  0x00000240a1e1c800 GCTaskThread "GC Thread#6" [stack: 0x0000006908600000,0x0000006908700000] [id=2860]
  0x00000240a226b800 GCTaskThread "GC Thread#7" [stack: 0x0000006908700000,0x0000006908800000] [id=3408]
  0x00000240f7d71000 ConcurrentGCThread "G1 Main Marker" [stack: 0x0000006906300000,0x0000006906400000] [id=15400]
  0x00000240f7d72000 ConcurrentGCThread "G1 Conc#0" [stack: 0x0000006906400000,0x0000006906500000] [id=5456]
  0x00000240a12c9000 ConcurrentGCThread "G1 Conc#1" [stack: 0x0000006908800000,0x0000006908900000] [id=2932]
  0x000002409f39c800 ConcurrentGCThread "G1 Refine#0" [stack: 0x0000006906500000,0x0000006906600000] [id=4020]
  0x00000240f7e0e000 ConcurrentGCThread "G1 Young RemSet Sampling" [stack: 0x0000006906600000,0x0000006906700000] [id=1508]

Threads with active compile tasks:
C2 CompilerThread0   3456 2315       4       java.lang.reflect.ProxyGenerator$ConstantPool::getIndirect (63 bytes)
C2 CompilerThread1   3456 2319   !   4       java.net.URL::<init> (543 bytes)

VM state:not at safepoint (normal execution)

VM Mutex/Monitor currently owned by a thread: None

Heap address: 0x0000000080000000, size: 2048 MB, Compressed Oops mode: 32-bit
Narrow klass base: 0x0000000000000000, Narrow klass shift: 3
Compressed class space size: 1073741824 Address: 0x0000000100000000

Heap:
 garbage-first heap   total 196608K, used 31316K [0x0000000080000000, 0x0000000100000000)
  region size 1024K, 17 young (17408K), 3 survivors (3072K)
 Metaspace       used 28450K, capacity 29110K, committed 29312K, reserved 1075200K
  class space    used 3694K, capacity 3915K, committed 3968K, reserved 1048576K
Heap Regions: E=young(eden), S=young(survivor), O=old, HS=humongous(starts), HC=humongous(continues), CS=collection set, F=free, A=archive, TAMS=top-at-mark-start (previous, next)
|   0|0x0000000080000000, 0x0000000080100000, 0x0000000080100000|100%| O|  |TAMS 0x0000000080000000, 0x0000000080000000| Untracked 
|   1|0x0000000080100000, 0x0000000080200000, 0x0000000080200000|100%| O|  |TAMS 0x0000000080100000, 0x0000000080100000| Untracked 
|   2|0x0000000080200000, 0x0000000080300000, 0x0000000080300000|100%| O|  |TAMS 0x0000000080200000, 0x0000000080200000| Untracked 
|   3|0x0000000080300000, 0x0000000080400000, 0x0000000080400000|100%|HS|  |TAMS 0x0000000080400000, 0x0000000080300000| Complete 
|   4|0x0000000080400000, 0x0000000080500000, 0x0000000080500000|100%|HC|  |TAMS 0x0000000080500000, 0x0000000080400000| Complete 
|   5|0x0000000080500000, 0x0000000080600000, 0x0000000080600000|100%|HC|  |TAMS 0x0000000080600000, 0x0000000080500000| Complete 
|   6|0x0000000080600000, 0x0000000080700000, 0x0000000080700000|100%| O|  |TAMS 0x0000000080700000, 0x0000000080600000| Untracked 
|   7|0x0000000080700000, 0x0000000080800000, 0x0000000080800000|100%| O|  |TAMS 0x0000000080800000, 0x0000000080700000| Untracked 
|   8|0x0000000080800000, 0x0000000080900000, 0x0000000080900000|100%| O|  |TAMS 0x0000000080868400, 0x0000000080800000| Untracked 
|   9|0x0000000080900000, 0x0000000080a00000, 0x0000000080a00000|100%| O|  |TAMS 0x0000000080900000, 0x0000000080900000| Untracked 
|  10|0x0000000080a00000, 0x0000000080b00000, 0x0000000080b00000|100%| O|  |TAMS 0x0000000080a00000, 0x0000000080a00000| Untracked 
|  11|0x0000000080b00000, 0x0000000080c00000, 0x0000000080c00000|100%| O|  |TAMS 0x0000000080b00000, 0x0000000080b00000| Untracked 
|  12|0x0000000080c00000, 0x0000000080d00000, 0x0000000080d00000|100%| O|  |TAMS 0x0000000080c00000, 0x0000000080c00000| Untracked 
|  13|0x0000000080d00000, 0x0000000080e00000, 0x0000000080e00000|100%| O|  |TAMS 0x0000000080d00000, 0x0000000080d00000| Untracked 
|  14|0x0000000080e00000, 0x0000000080f00000, 0x0000000080f00000|100%| O|  |TAMS 0x0000000080e00000, 0x0000000080e00000| Untracked 
|  15|0x0000000080f00000, 0x0000000080f13a00, 0x0000000081000000|  7%| O|  |TAMS 0x0000000080f00000, 0x0000000080f00000| Untracked 
|  16|0x0000000081000000, 0x0000000081000000, 0x0000000081100000|  0%| F|  |TAMS 0x0000000081000000, 0x0000000081000000| Untracked 
|  17|0x0000000081100000, 0x0000000081100000, 0x0000000081200000|  0%| F|  |TAMS 0x0000000081100000, 0x0000000081100000| Untracked 
|  18|0x0000000081200000, 0x0000000081200000, 0x0000000081300000|  0%| F|  |TAMS 0x0000000081200000, 0x0000000081200000| Untracked 
|  19|0x0000000081300000, 0x0000000081300000, 0x0000000081400000|  0%| F|  |TAMS 0x0000000081300000, 0x0000000081300000| Untracked 
|  20|0x0000000081400000, 0x0000000081400000, 0x0000000081500000|  0%| F|  |TAMS 0x0000000081400000, 0x0000000081400000| Untracked 
|  21|0x0000000081500000, 0x0000000081500000, 0x0000000081600000|  0%| F|  |TAMS 0x0000000081500000, 0x0000000081500000| Untracked 
|  22|0x0000000081600000, 0x0000000081600000, 0x0000000081700000|  0%| F|  |TAMS 0x0000000081600000, 0x0000000081600000| Untracked 
|  23|0x0000000081700000, 0x0000000081700000, 0x0000000081800000|  0%| F|  |TAMS 0x0000000081700000, 0x0000000081700000| Untracked 
|  24|0x0000000081800000, 0x0000000081800000, 0x0000000081900000|  0%| F|  |TAMS 0x0000000081800000, 0x0000000081800000| Untracked 
|  25|0x0000000081900000, 0x0000000081900000, 0x0000000081a00000|  0%| F|  |TAMS 0x0000000081900000, 0x0000000081900000| Untracked 
|  26|0x0000000081a00000, 0x0000000081a00000, 0x0000000081b00000|  0%| F|  |TAMS 0x0000000081a00000, 0x0000000081a00000| Untracked 
|  27|0x0000000081b00000, 0x0000000081b00000, 0x0000000081c00000|  0%| F|  |TAMS 0x0000000081b00000, 0x0000000081b00000| Untracked 
|  28|0x0000000081c00000, 0x0000000081c00000, 0x0000000081d00000|  0%| F|  |TAMS 0x0000000081c00000, 0x0000000081c00000| Untracked 
|  29|0x0000000081d00000, 0x0000000081d00000, 0x0000000081e00000|  0%| F|  |TAMS 0x0000000081d00000, 0x0000000081d00000| Untracked 
|  30|0x0000000081e00000, 0x0000000081e00000, 0x0000000081f00000|  0%| F|  |TAMS 0x0000000081e00000, 0x0000000081e00000| Untracked 
|  31|0x0000000081f00000, 0x0000000081f00000, 0x0000000082000000|  0%| F|  |TAMS 0x0000000081f00000, 0x0000000081f00000| Untracked 
|  32|0x0000000082000000, 0x0000000082000000, 0x0000000082100000|  0%| F|  |TAMS 0x0000000082000000, 0x0000000082000000| Untracked 
|  33|0x0000000082100000, 0x0000000082100000, 0x0000000082200000|  0%| F|  |TAMS 0x0000000082100000, 0x0000000082100000| Untracked 
|  34|0x0000000082200000, 0x0000000082200000, 0x0000000082300000|  0%| F|  |TAMS 0x0000000082200000, 0x0000000082200000| Untracked 
|  35|0x0000000082300000, 0x0000000082300000, 0x0000000082400000|  0%| F|  |TAMS 0x0000000082300000, 0x0000000082300000| Untracked 
|  36|0x0000000082400000, 0x0000000082400000, 0x0000000082500000|  0%| F|  |TAMS 0x0000000082400000, 0x0000000082400000| Untracked 
|  37|0x0000000082500000, 0x0000000082500000, 0x0000000082600000|  0%| F|  |TAMS 0x0000000082500000, 0x0000000082500000| Untracked 
|  38|0x0000000082600000, 0x0000000082600000, 0x0000000082700000|  0%| F|  |TAMS 0x0000000082600000, 0x0000000082600000| Untracked 
|  39|0x0000000082700000, 0x0000000082700000, 0x0000000082800000|  0%| F|  |TAMS 0x0000000082700000, 0x0000000082700000| Untracked 
|  40|0x0000000082800000, 0x0000000082800000, 0x0000000082900000|  0%| F|  |TAMS 0x0000000082800000, 0x0000000082800000| Untracked 
|  41|0x0000000082900000, 0x0000000082900000, 0x0000000082a00000|  0%| F|  |TAMS 0x0000000082900000, 0x0000000082900000| Untracked 
|  42|0x0000000082a00000, 0x0000000082a00000, 0x0000000082b00000|  0%| F|  |TAMS 0x0000000082a00000, 0x0000000082a00000| Untracked 
|  43|0x0000000082b00000, 0x0000000082b00000, 0x0000000082c00000|  0%| F|  |TAMS 0x0000000082b00000, 0x0000000082b00000| Untracked 
|  44|0x0000000082c00000, 0x0000000082c00000, 0x0000000082d00000|  0%| F|  |TAMS 0x0000000082c00000, 0x0000000082c00000| Untracked 
|  45|0x0000000082d00000, 0x0000000082d00000, 0x0000000082e00000|  0%| F|  |TAMS 0x0000000082d00000, 0x0000000082d00000| Untracked 
|  46|0x0000000082e00000, 0x0000000082e00000, 0x0000000082f00000|  0%| F|  |TAMS 0x0000000082e00000, 0x0000000082e00000| Untracked 
|  47|0x0000000082f00000, 0x0000000082f00000, 0x0000000083000000|  0%| F|  |TAMS 0x0000000082f00000, 0x0000000082f00000| Untracked 
|  48|0x0000000083000000, 0x0000000083000000, 0x0000000083100000|  0%| F|  |TAMS 0x0000000083000000, 0x0000000083000000| Untracked 
|  49|0x0000000083100000, 0x0000000083100000, 0x0000000083200000|  0%| F|  |TAMS 0x0000000083100000, 0x0000000083100000| Untracked 
|  50|0x0000000083200000, 0x0000000083200000, 0x0000000083300000|  0%| F|  |TAMS 0x0000000083200000, 0x0000000083200000| Untracked 
|  51|0x0000000083300000, 0x0000000083300000, 0x0000000083400000|  0%| F|  |TAMS 0x0000000083300000, 0x0000000083300000| Untracked 
|  52|0x0000000083400000, 0x0000000083400000, 0x0000000083500000|  0%| F|  |TAMS 0x0000000083400000, 0x0000000083400000| Untracked 
|  53|0x0000000083500000, 0x0000000083500000, 0x0000000083600000|  0%| F|  |TAMS 0x0000000083500000, 0x0000000083500000| Untracked 
|  54|0x0000000083600000, 0x0000000083600000, 0x0000000083700000|  0%| F|  |TAMS 0x0000000083600000, 0x0000000083600000| Untracked 
|  55|0x0000000083700000, 0x0000000083700000, 0x0000000083800000|  0%| F|  |TAMS 0x0000000083700000, 0x0000000083700000| Untracked 
|  56|0x0000000083800000, 0x0000000083800000, 0x0000000083900000|  0%| F|  |TAMS 0x0000000083800000, 0x0000000083800000| Untracked 
|  57|0x0000000083900000, 0x0000000083900000, 0x0000000083a00000|  0%| F|  |TAMS 0x0000000083900000, 0x0000000083900000| Untracked 
|  58|0x0000000083a00000, 0x0000000083a00000, 0x0000000083b00000|  0%| F|  |TAMS 0x0000000083a00000, 0x0000000083a00000| Untracked 
|  59|0x0000000083b00000, 0x0000000083b00000, 0x0000000083c00000|  0%| F|  |TAMS 0x0000000083b00000, 0x0000000083b00000| Untracked 
|  60|0x0000000083c00000, 0x0000000083c00000, 0x0000000083d00000|  0%| F|  |TAMS 0x0000000083c00000, 0x0000000083c00000| Untracked 
|  61|0x0000000083d00000, 0x0000000083d00000, 0x0000000083e00000|  0%| F|  |TAMS 0x0000000083d00000, 0x0000000083d00000| Untracked 
|  62|0x0000000083e00000, 0x0000000083e00000, 0x0000000083f00000|  0%| F|  |TAMS 0x0000000083e00000, 0x0000000083e00000| Untracked 
|  63|0x0000000083f00000, 0x0000000083f00000, 0x0000000084000000|  0%| F|  |TAMS 0x0000000083f00000, 0x0000000083f00000| Untracked 
|  64|0x0000000084000000, 0x0000000084000000, 0x0000000084100000|  0%| F|  |TAMS 0x0000000084000000, 0x0000000084000000| Untracked 
|  65|0x0000000084100000, 0x0000000084100000, 0x0000000084200000|  0%| F|  |TAMS 0x0000000084100000, 0x0000000084100000| Untracked 
|  66|0x0000000084200000, 0x0000000084200000, 0x0000000084300000|  0%| F|  |TAMS 0x0000000084200000, 0x0000000084200000| Untracked 
|  67|0x0000000084300000, 0x0000000084300000, 0x0000000084400000|  0%| F|  |TAMS 0x0000000084300000, 0x0000000084300000| Untracked 
|  68|0x0000000084400000, 0x0000000084400000, 0x0000000084500000|  0%| F|  |TAMS 0x0000000084400000, 0x0000000084400000| Untracked 
|  69|0x0000000084500000, 0x0000000084500000, 0x0000000084600000|  0%| F|  |TAMS 0x0000000084500000, 0x0000000084500000| Untracked 
|  70|0x0000000084600000, 0x0000000084600000, 0x0000000084700000|  0%| F|  |TAMS 0x0000000084600000, 0x0000000084600000| Untracked 
|  71|0x0000000084700000, 0x0000000084700000, 0x0000000084800000|  0%| F|  |TAMS 0x0000000084700000, 0x0000000084700000| Untracked 
|  72|0x0000000084800000, 0x0000000084800000, 0x0000000084900000|  0%| F|  |TAMS 0x0000000084800000, 0x0000000084800000| Untracked 
|  73|0x0000000084900000, 0x0000000084900000, 0x0000000084a00000|  0%| F|  |TAMS 0x0000000084900000, 0x0000000084900000| Untracked 
|  74|0x0000000084a00000, 0x0000000084a00000, 0x0000000084b00000|  0%| F|  |TAMS 0x0000000084a00000, 0x0000000084a00000| Untracked 
|  75|0x0000000084b00000, 0x0000000084b00000, 0x0000000084c00000|  0%| F|  |TAMS 0x0000000084b00000, 0x0000000084b00000| Untracked 
|  76|0x0000000084c00000, 0x0000000084c00000, 0x0000000084d00000|  0%| F|  |TAMS 0x0000000084c00000, 0x0000000084c00000| Untracked 
|  77|0x0000000084d00000, 0x0000000084d00000, 0x0000000084e00000|  0%| F|  |TAMS 0x0000000084d00000, 0x0000000084d00000| Untracked 
|  78|0x0000000084e00000, 0x0000000084e00000, 0x0000000084f00000|  0%| F|  |TAMS 0x0000000084e00000, 0x0000000084e00000| Untracked 
|  79|0x0000000084f00000, 0x0000000084f00000, 0x0000000085000000|  0%| F|  |TAMS 0x0000000084f00000, 0x0000000084f00000| Untracked 
|  80|0x0000000085000000, 0x0000000085000000, 0x0000000085100000|  0%| F|  |TAMS 0x0000000085000000, 0x0000000085000000| Untracked 
|  81|0x0000000085100000, 0x0000000085100000, 0x0000000085200000|  0%| F|  |TAMS 0x0000000085100000, 0x0000000085100000| Untracked 
|  82|0x0000000085200000, 0x0000000085200000, 0x0000000085300000|  0%| F|  |TAMS 0x0000000085200000, 0x0000000085200000| Untracked 
|  83|0x0000000085300000, 0x0000000085300000, 0x0000000085400000|  0%| F|  |TAMS 0x0000000085300000, 0x0000000085300000| Untracked 
|  84|0x0000000085400000, 0x0000000085400000, 0x0000000085500000|  0%| F|  |TAMS 0x0000000085400000, 0x0000000085400000| Untracked 
|  85|0x0000000085500000, 0x0000000085500000, 0x0000000085600000|  0%| F|  |TAMS 0x0000000085500000, 0x0000000085500000| Untracked 
|  86|0x0000000085600000, 0x0000000085600000, 0x0000000085700000|  0%| F|  |TAMS 0x0000000085600000, 0x0000000085600000| Untracked 
|  87|0x0000000085700000, 0x0000000085700000, 0x0000000085800000|  0%| F|  |TAMS 0x0000000085700000, 0x0000000085700000| Untracked 
|  88|0x0000000085800000, 0x0000000085800000, 0x0000000085900000|  0%| F|  |TAMS 0x0000000085800000, 0x0000000085800000| Untracked 
|  89|0x0000000085900000, 0x0000000085900000, 0x0000000085a00000|  0%| F|  |TAMS 0x0000000085900000, 0x0000000085900000| Untracked 
|  90|0x0000000085a00000, 0x0000000085a00000, 0x0000000085b00000|  0%| F|  |TAMS 0x0000000085a00000, 0x0000000085a00000| Untracked 
|  91|0x0000000085b00000, 0x0000000085b00000, 0x0000000085c00000|  0%| F|  |TAMS 0x0000000085b00000, 0x0000000085b00000| Untracked 
|  92|0x0000000085c00000, 0x0000000085c00000, 0x0000000085d00000|  0%| F|  |TAMS 0x0000000085c00000, 0x0000000085c00000| Untracked 
|  93|0x0000000085d00000, 0x0000000085d00000, 0x0000000085e00000|  0%| F|  |TAMS 0x0000000085d00000, 0x0000000085d00000| Untracked 
|  94|0x0000000085e00000, 0x0000000085e00000, 0x0000000085f00000|  0%| F|  |TAMS 0x0000000085e00000, 0x0000000085e00000| Untracked 
|  95|0x0000000085f00000, 0x0000000085f00000, 0x0000000086000000|  0%| F|  |TAMS 0x0000000085f00000, 0x0000000085f00000| Untracked 
|  96|0x0000000086000000, 0x0000000086000000, 0x0000000086100000|  0%| F|  |TAMS 0x0000000086000000, 0x0000000086000000| Untracked 
|  97|0x0000000086100000, 0x0000000086100000, 0x0000000086200000|  0%| F|  |TAMS 0x0000000086100000, 0x0000000086100000| Untracked 
|  98|0x0000000086200000, 0x0000000086200000, 0x0000000086300000|  0%| F|  |TAMS 0x0000000086200000, 0x0000000086200000| Untracked 
|  99|0x0000000086300000, 0x0000000086300000, 0x0000000086400000|  0%| F|  |TAMS 0x0000000086300000, 0x0000000086300000| Untracked 
| 100|0x0000000086400000, 0x0000000086400000, 0x0000000086500000|  0%| F|  |TAMS 0x0000000086400000, 0x0000000086400000| Untracked 
| 101|0x0000000086500000, 0x0000000086500000, 0x0000000086600000|  0%| F|  |TAMS 0x0000000086500000, 0x0000000086500000| Untracked 
| 102|0x0000000086600000, 0x0000000086600000, 0x0000000086700000|  0%| F|  |TAMS 0x0000000086600000, 0x0000000086600000| Untracked 
| 103|0x0000000086700000, 0x0000000086700000, 0x0000000086800000|  0%| F|  |TAMS 0x0000000086700000, 0x0000000086700000| Untracked 
| 104|0x0000000086800000, 0x0000000086800000, 0x0000000086900000|  0%| F|  |TAMS 0x0000000086800000, 0x0000000086800000| Untracked 
| 105|0x0000000086900000, 0x0000000086900000, 0x0000000086a00000|  0%| F|  |TAMS 0x0000000086900000, 0x0000000086900000| Untracked 
| 106|0x0000000086a00000, 0x0000000086a00000, 0x0000000086b00000|  0%| F|  |TAMS 0x0000000086a00000, 0x0000000086a00000| Untracked 
| 107|0x0000000086b00000, 0x0000000086b00000, 0x0000000086c00000|  0%| F|  |TAMS 0x0000000086b00000, 0x0000000086b00000| Untracked 
| 108|0x0000000086c00000, 0x0000000086c00000, 0x0000000086d00000|  0%| F|  |TAMS 0x0000000086c00000, 0x0000000086c00000| Untracked 
| 109|0x0000000086d00000, 0x0000000086d00000, 0x0000000086e00000|  0%| F|  |TAMS 0x0000000086d00000, 0x0000000086d00000| Untracked 
| 110|0x0000000086e00000, 0x0000000086e00000, 0x0000000086f00000|  0%| F|  |TAMS 0x0000000086e00000, 0x0000000086e00000| Untracked 
| 111|0x0000000086f00000, 0x0000000086f00000, 0x0000000087000000|  0%| F|  |TAMS 0x0000000086f00000, 0x0000000086f00000| Untracked 
| 112|0x0000000087000000, 0x0000000087000000, 0x0000000087100000|  0%| F|  |TAMS 0x0000000087000000, 0x0000000087000000| Untracked 
| 113|0x0000000087100000, 0x0000000087100000, 0x0000000087200000|  0%| F|  |TAMS 0x0000000087100000, 0x0000000087100000| Untracked 
| 114|0x0000000087200000, 0x0000000087200000, 0x0000000087300000|  0%| F|  |TAMS 0x0000000087200000, 0x0000000087200000| Untracked 
| 115|0x0000000087300000, 0x0000000087300000, 0x0000000087400000|  0%| F|  |TAMS 0x0000000087300000, 0x0000000087300000| Untracked 
| 116|0x0000000087400000, 0x0000000087400000, 0x0000000087500000|  0%| F|  |TAMS 0x0000000087400000, 0x0000000087400000| Untracked 
| 117|0x0000000087500000, 0x0000000087500000, 0x0000000087600000|  0%| F|  |TAMS 0x0000000087500000, 0x0000000087500000| Untracked 
| 118|0x0000000087600000, 0x0000000087600000, 0x0000000087700000|  0%| F|  |TAMS 0x0000000087600000, 0x0000000087600000| Untracked 
| 119|0x0000000087700000, 0x0000000087700000, 0x0000000087800000|  0%| F|  |TAMS 0x0000000087700000, 0x0000000087700000| Untracked 
| 120|0x0000000087800000, 0x0000000087800000, 0x0000000087900000|  0%| F|  |TAMS 0x0000000087800000, 0x0000000087800000| Untracked 
| 121|0x0000000087900000, 0x0000000087900000, 0x0000000087a00000|  0%| F|  |TAMS 0x0000000087900000, 0x0000000087900000| Untracked 
| 122|0x0000000087a00000, 0x0000000087a00000, 0x0000000087b00000|  0%| F|  |TAMS 0x0000000087a00000, 0x0000000087a00000| Untracked 
| 123|0x0000000087b00000, 0x0000000087b00000, 0x0000000087c00000|  0%| F|  |TAMS 0x0000000087b00000, 0x0000000087b00000| Untracked 
| 124|0x0000000087c00000, 0x0000000087c00000, 0x0000000087d00000|  0%| F|  |TAMS 0x0000000087c00000, 0x0000000087c00000| Untracked 
| 125|0x0000000087d00000, 0x0000000087d00000, 0x0000000087e00000|  0%| F|  |TAMS 0x0000000087d00000, 0x0000000087d00000| Untracked 
| 126|0x0000000087e00000, 0x0000000087e00000, 0x0000000087f00000|  0%| F|  |TAMS 0x0000000087e00000, 0x0000000087e00000| Untracked 
| 127|0x0000000087f00000, 0x0000000087f00000, 0x0000000088000000|  0%| F|  |TAMS 0x0000000087f00000, 0x0000000087f00000| Untracked 
| 128|0x0000000088000000, 0x0000000088000000, 0x0000000088100000|  0%| F|  |TAMS 0x0000000088000000, 0x0000000088000000| Untracked 
| 129|0x0000000088100000, 0x0000000088100000, 0x0000000088200000|  0%| F|  |TAMS 0x0000000088100000, 0x0000000088100000| Untracked 
| 130|0x0000000088200000, 0x0000000088200000, 0x0000000088300000|  0%| F|  |TAMS 0x0000000088200000, 0x0000000088200000| Untracked 
| 131|0x0000000088300000, 0x0000000088300000, 0x0000000088400000|  0%| F|  |TAMS 0x0000000088300000, 0x0000000088300000| Untracked 
| 132|0x0000000088400000, 0x0000000088400000, 0x0000000088500000|  0%| F|  |TAMS 0x0000000088400000, 0x0000000088400000| Untracked 
| 133|0x0000000088500000, 0x0000000088500000, 0x0000000088600000|  0%| F|  |TAMS 0x0000000088500000, 0x0000000088500000| Untracked 
| 134|0x0000000088600000, 0x0000000088600000, 0x0000000088700000|  0%| F|  |TAMS 0x0000000088600000, 0x0000000088600000| Untracked 
| 135|0x0000000088700000, 0x0000000088700000, 0x0000000088800000|  0%| F|  |TAMS 0x0000000088700000, 0x0000000088700000| Untracked 
| 136|0x0000000088800000, 0x0000000088800000, 0x0000000088900000|  0%| F|  |TAMS 0x0000000088800000, 0x0000000088800000| Untracked 
| 137|0x0000000088900000, 0x0000000088981768, 0x0000000088a00000| 50%| S|CS|TAMS 0x0000000088900000, 0x0000000088900000| Complete 
| 138|0x0000000088a00000, 0x0000000088b00000, 0x0000000088b00000|100%| S|CS|TAMS 0x0000000088a00000, 0x0000000088a00000| Complete 
| 139|0x0000000088b00000, 0x0000000088c00000, 0x0000000088c00000|100%| S|CS|TAMS 0x0000000088b00000, 0x0000000088b00000| Complete 
| 140|0x0000000088c00000, 0x0000000088c00000, 0x0000000088d00000|  0%| F|  |TAMS 0x0000000088c00000, 0x0000000088c00000| Untracked 
| 141|0x0000000088d00000, 0x0000000088d00000, 0x0000000088e00000|  0%| F|  |TAMS 0x0000000088d00000, 0x0000000088d00000| Untracked 
| 142|0x0000000088e00000, 0x0000000088e00000, 0x0000000088f00000|  0%| F|  |TAMS 0x0000000088e00000, 0x0000000088e00000| Untracked 
| 143|0x0000000088f00000, 0x0000000088f00000, 0x0000000089000000|  0%| F|  |TAMS 0x0000000088f00000, 0x0000000088f00000| Untracked 
| 144|0x0000000089000000, 0x0000000089000000, 0x0000000089100000|  0%| F|  |TAMS 0x0000000089000000, 0x0000000089000000| Untracked 
| 145|0x0000000089100000, 0x0000000089100000, 0x0000000089200000|  0%| F|  |TAMS 0x0000000089100000, 0x0000000089100000| Untracked 
| 146|0x0000000089200000, 0x0000000089200000, 0x0000000089300000|  0%| F|  |TAMS 0x0000000089200000, 0x0000000089200000| Untracked 
| 147|0x0000000089300000, 0x0000000089300000, 0x0000000089400000|  0%| F|  |TAMS 0x0000000089300000, 0x0000000089300000| Untracked 
| 148|0x0000000089400000, 0x0000000089400000, 0x0000000089500000|  0%| F|  |TAMS 0x0000000089400000, 0x0000000089400000| Untracked 
| 149|0x0000000089500000, 0x0000000089500000, 0x0000000089600000|  0%| F|  |TAMS 0x0000000089500000, 0x0000000089500000| Untracked 
| 150|0x0000000089600000, 0x0000000089600000, 0x0000000089700000|  0%| F|  |TAMS 0x0000000089600000, 0x0000000089600000| Untracked 
| 151|0x0000000089700000, 0x0000000089700000, 0x0000000089800000|  0%| F|  |TAMS 0x0000000089700000, 0x0000000089700000| Untracked 
| 152|0x0000000089800000, 0x0000000089800000, 0x0000000089900000|  0%| F|  |TAMS 0x0000000089800000, 0x0000000089800000| Untracked 
| 153|0x0000000089900000, 0x0000000089900000, 0x0000000089a00000|  0%| F|  |TAMS 0x0000000089900000, 0x0000000089900000| Untracked 
| 154|0x0000000089a00000, 0x0000000089a00000, 0x0000000089b00000|  0%| F|  |TAMS 0x0000000089a00000, 0x0000000089a00000| Untracked 
| 155|0x0000000089b00000, 0x0000000089b00000, 0x0000000089c00000|  0%| F|  |TAMS 0x0000000089b00000, 0x0000000089b00000| Untracked 
| 156|0x0000000089c00000, 0x0000000089c00000, 0x0000000089d00000|  0%| F|  |TAMS 0x0000000089c00000, 0x0000000089c00000| Untracked 
| 157|0x0000000089d00000, 0x0000000089d00000, 0x0000000089e00000|  0%| F|  |TAMS 0x0000000089d00000, 0x0000000089d00000| Untracked 
| 158|0x0000000089e00000, 0x0000000089e00000, 0x0000000089f00000|  0%| F|  |TAMS 0x0000000089e00000, 0x0000000089e00000| Untracked 
| 159|0x0000000089f00000, 0x0000000089f00000, 0x000000008a000000|  0%| F|  |TAMS 0x0000000089f00000, 0x0000000089f00000| Untracked 
| 160|0x000000008a000000, 0x000000008a000000, 0x000000008a100000|  0%| F|  |TAMS 0x000000008a000000, 0x000000008a000000| Untracked 
| 161|0x000000008a100000, 0x000000008a100000, 0x000000008a200000|  0%| F|  |TAMS 0x000000008a100000, 0x000000008a100000| Untracked 
| 162|0x000000008a200000, 0x000000008a200000, 0x000000008a300000|  0%| F|  |TAMS 0x000000008a200000, 0x000000008a200000| Untracked 
| 163|0x000000008a300000, 0x000000008a300000, 0x000000008a400000|  0%| F|  |TAMS 0x000000008a300000, 0x000000008a300000| Untracked 
| 164|0x000000008a400000, 0x000000008a400000, 0x000000008a500000|  0%| F|  |TAMS 0x000000008a400000, 0x000000008a400000| Untracked 
| 165|0x000000008a500000, 0x000000008a500000, 0x000000008a600000|  0%| F|  |TAMS 0x000000008a500000, 0x000000008a500000| Untracked 
| 166|0x000000008a600000, 0x000000008a600000, 0x000000008a700000|  0%| F|  |TAMS 0x000000008a600000, 0x000000008a600000| Untracked 
| 167|0x000000008a700000, 0x000000008a700000, 0x000000008a800000|  0%| F|  |TAMS 0x000000008a700000, 0x000000008a700000| Untracked 
| 168|0x000000008a800000, 0x000000008a800000, 0x000000008a900000|  0%| F|  |TAMS 0x000000008a800000, 0x000000008a800000| Untracked 
| 169|0x000000008a900000, 0x000000008a900000, 0x000000008aa00000|  0%| F|  |TAMS 0x000000008a900000, 0x000000008a900000| Untracked 
| 170|0x000000008aa00000, 0x000000008aa00000, 0x000000008ab00000|  0%| F|  |TAMS 0x000000008aa00000, 0x000000008aa00000| Untracked 
| 171|0x000000008ab00000, 0x000000008ab00000, 0x000000008ac00000|  0%| F|  |TAMS 0x000000008ab00000, 0x000000008ab00000| Untracked 
| 172|0x000000008ac00000, 0x000000008ac00000, 0x000000008ad00000|  0%| F|  |TAMS 0x000000008ac00000, 0x000000008ac00000| Untracked 
| 173|0x000000008ad00000, 0x000000008ad00000, 0x000000008ae00000|  0%| F|  |TAMS 0x000000008ad00000, 0x000000008ad00000| Untracked 
| 174|0x000000008ae00000, 0x000000008ae00000, 0x000000008af00000|  0%| F|  |TAMS 0x000000008ae00000, 0x000000008ae00000| Untracked 
| 175|0x000000008af00000, 0x000000008af00000, 0x000000008b000000|  0%| F|  |TAMS 0x000000008af00000, 0x000000008af00000| Untracked 
| 176|0x000000008b000000, 0x000000008b000000, 0x000000008b100000|  0%| F|  |TAMS 0x000000008b000000, 0x000000008b000000| Untracked 
| 177|0x000000008b100000, 0x000000008b100000, 0x000000008b200000|  0%| F|  |TAMS 0x000000008b100000, 0x000000008b100000| Untracked 
| 178|0x000000008b200000, 0x000000008b300000, 0x000000008b300000|100%| E|  |TAMS 0x000000008b200000, 0x000000008b200000| Complete 
| 179|0x000000008b300000, 0x000000008b400000, 0x000000008b400000|100%| E|CS|TAMS 0x000000008b300000, 0x000000008b300000| Complete 
| 180|0x000000008b400000, 0x000000008b500000, 0x000000008b500000|100%| E|CS|TAMS 0x000000008b400000, 0x000000008b400000| Complete 
| 181|0x000000008b500000, 0x000000008b600000, 0x000000008b600000|100%| E|CS|TAMS 0x000000008b500000, 0x000000008b500000| Complete 
| 182|0x000000008b600000, 0x000000008b700000, 0x000000008b700000|100%| E|CS|TAMS 0x000000008b600000, 0x000000008b600000| Complete 
| 183|0x000000008b700000, 0x000000008b800000, 0x000000008b800000|100%| E|CS|TAMS 0x000000008b700000, 0x000000008b700000| Complete 
| 184|0x000000008b800000, 0x000000008b900000, 0x000000008b900000|100%| E|CS|TAMS 0x000000008b800000, 0x000000008b800000| Complete 
| 185|0x000000008b900000, 0x000000008ba00000, 0x000000008ba00000|100%| E|CS|TAMS 0x000000008b900000, 0x000000008b900000| Complete 
| 186|0x000000008ba00000, 0x000000008bb00000, 0x000000008bb00000|100%| E|CS|TAMS 0x000000008ba00000, 0x000000008ba00000| Complete 
| 187|0x000000008bb00000, 0x000000008bc00000, 0x000000008bc00000|100%| E|CS|TAMS 0x000000008bb00000, 0x000000008bb00000| Complete 
| 188|0x000000008bc00000, 0x000000008bd00000, 0x000000008bd00000|100%| E|CS|TAMS 0x000000008bc00000, 0x000000008bc00000| Complete 
| 189|0x000000008bd00000, 0x000000008be00000, 0x000000008be00000|100%| E|CS|TAMS 0x000000008bd00000, 0x000000008bd00000| Complete 
| 190|0x000000008be00000, 0x000000008bf00000, 0x000000008bf00000|100%| E|CS|TAMS 0x000000008be00000, 0x000000008be00000| Complete 
| 191|0x000000008bf00000, 0x000000008c000000, 0x000000008c000000|100%| E|CS|TAMS 0x000000008bf00000, 0x000000008bf00000| Complete 

Card table byte_map: [0x0000024098240000,0x0000024098640000] _byte_map_base: 0x0000024097e40000

Marking Bits (Prev, Next): (CMBitMap*) 0x00000240f7d67f40, (CMBitMap*) 0x00000240f7d67f08
 Prev Bits: [0x000002409aa40000, 0x000002409ca40000)
 Next Bits: [0x0000024098a40000, 0x000002409aa40000)

Polling page: 0x0000024080000000

Metaspace:

Usage:
  Non-class:     24.67 MB capacity,    24.29 MB ( 98%) used,   333.65 KB (  1%) free+waste,    51.88 KB ( <1%) overhead. 
      Class:      3.82 MB capacity,     3.61 MB ( 94%) used,   191.27 KB (  5%) free+waste,    25.63 KB ( <1%) overhead. 
       Both:     28.49 MB capacity,    27.90 MB ( 98%) used,   524.92 KB (  2%) free+waste,    77.50 KB ( <1%) overhead. 

Virtual space:
  Non-class space:       26.00 MB reserved,      24.75 MB ( 95%) committed 
      Class space:        1.00 GB reserved,       3.88 MB ( <1%) committed 
             Both:        1.03 GB reserved,      28.63 MB (  3%) committed 

Chunk freelists:
   Non-Class:  2.63 KB
       Class:  2.63 KB
        Both:  5.25 KB

CodeHeap 'non-profiled nmethods': size=120000Kb used=1095Kb max_used=1095Kb free=118904Kb
 bounds [0x000002408fea0000, 0x0000024090110000, 0x00000240973d0000]
CodeHeap 'profiled nmethods': size=120000Kb used=5042Kb max_used=5042Kb free=114957Kb
 bounds [0x0000024088970000, 0x0000024088e60000, 0x000002408fea0000]
CodeHeap 'non-nmethods': size=5760Kb used=1146Kb max_used=1219Kb free=4613Kb
 bounds [0x00000240883d0000, 0x0000024088640000, 0x0000024088970000]
 total_blobs=2814 nmethods=2328 adapters=397
 compilation: enabled
              stopped_count=0, restarted_count=0
 full_count=0

Compilation events (10 events):
Event: 3.374 Thread 0x000002409fdb6800 nmethod 2313 0x0000024088e56090 code [0x0000024088e56280, 0x0000024088e56598]
Event: 3.374 Thread 0x000002409fdb6800 2314       3       org.objectweb.asm.Attribute::putAttributes (78 bytes)
Event: 3.374 Thread 0x000002409fdb6800 nmethod 2314 0x0000024088e56790 code [0x0000024088e569e0, 0x0000024088e56ef8]
Event: 3.382 Thread 0x000002409fdb3800 2315       4       java.lang.reflect.ProxyGenerator$ConstantPool::getIndirect (63 bytes)
Event: 3.388 Thread 0x000002409fdb6800 2316       3       com.google.common.base.Preconditions::checkArgument (28 bytes)
Event: 3.388 Thread 0x000002409fdb6800 nmethod 2316 0x0000024088e57210 code [0x0000024088e57400, 0x0000024088e579f8]
Event: 3.388 Thread 0x000002409fdb6800 2317       3       com.google.common.io.BaseEncoding$Alphabet::encode (7 bytes)
Event: 3.388 Thread 0x000002409fdb6800 nmethod 2317 0x0000024088e57c90 code [0x0000024088e57e40, 0x0000024088e57f78]
Event: 3.397 Thread 0x000002409fdb6800 2318       3       java.lang.invoke.DirectMethodHandle$Holder::invokeStatic (15 bytes)
Event: 3.397 Thread 0x000002409fdb6800 nmethod 2318 0x0000024088e58090 code [0x0000024088e58260, 0x0000024088e58798]

GC Heap History (6 events):
Event: 0.770 GC heap before
{Heap before GC invocations=0 (full 0):
 garbage-first heap   total 196608K, used 29696K [0x0000000080000000, 0x0000000100000000)
  region size 1024K, 24 young (24576K), 0 survivors (0K)
 Metaspace       used 10775K, capacity 11003K, committed 11264K, reserved 1058816K
  class space    used 1135K, capacity 1201K, committed 1280K, reserved 1048576K
}
Event: 0.774 GC heap after
{Heap after GC invocations=1 (full 0):
 garbage-first heap   total 196608K, used 8609K [0x0000000080000000, 0x0000000100000000)
  region size 1024K, 3 young (3072K), 3 survivors (3072K)
 Metaspace       used 10775K, capacity 11003K, committed 11264K, reserved 1058816K
  class space    used 1135K, capacity 1201K, committed 1280K, reserved 1048576K
}
Event: 2.313 GC heap before
{Heap before GC invocations=1 (full 0):
 garbage-first heap   total 196608K, used 87457K [0x0000000080000000, 0x0000000100000000)
  region size 1024K, 81 young (82944K), 3 survivors (3072K)
 Metaspace       used 20629K, capacity 21042K, committed 21248K, reserved 1069056K
  class space    used 2419K, capacity 2541K, committed 2560K, reserved 1048576K
}
Event: 2.320 GC heap after
{Heap after GC invocations=2 (full 0):
 garbage-first heap   total 196608K, used 15868K [0x0000000080000000, 0x0000000100000000)
  region size 1024K, 11 young (11264K), 11 survivors (11264K)
 Metaspace       used 20629K, capacity 21042K, committed 21248K, reserved 1069056K
  class space    used 2419K, capacity 2541K, committed 2560K, reserved 1048576K
}
Event: 3.280 GC heap before
{Heap before GC invocations=3 (full 0):
 garbage-first heap   total 196608K, used 69116K [0x0000000080000000, 0x0000000100000000)
  region size 1024K, 63 young (64512K), 11 survivors (11264K)
 Metaspace       used 26834K, capacity 27456K, committed 27776K, reserved 1073152K
  class space    used 3443K, capacity 3642K, committed 3712K, reserved 1048576K
}
Event: 3.287 GC heap after
{Heap after GC invocations=4 (full 0):
 garbage-first heap   total 196608K, used 18004K [0x0000000080000000, 0x0000000100000000)
  region size 1024K, 3 young (3072K), 3 survivors (3072K)
 Metaspace       used 26834K, capacity 27456K, committed 27776K, reserved 1073152K
  class space    used 3443K, capacity 3642K, committed 3712K, reserved 1048576K
}

Deoptimization events (10 events):
Event: 2.474 Thread 0x00000240a1755000 Uncommon trap: reason=bimorphic_or_optimized_type_check action=maybe_recompile pc=0x000002408ff53704 method=java.util.HashMap.putVal(ILjava/lang/Object;Ljava/lang/Object;ZZ)Ljava/lang/Object; @ 203 c2
Event: 2.476 Thread 0x00000240a1755000 Uncommon trap: reason=unstable_if action=reinterpret pc=0x000002408fed2f70 method=java.util.HashMap.getNode(ILjava/lang/Object;)Ljava/util/HashMap$Node; @ 129 c2
Event: 2.477 Thread 0x00000240a1755000 Uncommon trap: reason=bimorphic_or_optimized_type_check action=maybe_recompile pc=0x000002408ff53704 method=java.util.HashMap.putVal(ILjava/lang/Object;Ljava/lang/Object;ZZ)Ljava/lang/Object; @ 203 c2
Event: 2.639 Thread 0x00000240a1755000 Uncommon trap: reason=unstable_if action=reinterpret pc=0x000002408feed000 method=java.util.concurrent.ConcurrentHashMap.get(Ljava/lang/Object;)Ljava/lang/Object; @ 76 c2
Event: 2.699 Thread 0x00000240a1755000 Uncommon trap: reason=unstable_if action=reinterpret pc=0x000002408ff665d4 method=java.util.HashMap.getNode(ILjava/lang/Object;)Ljava/util/HashMap$Node; @ 129 c2
Event: 2.930 Thread 0x00000240a1755000 Uncommon trap: reason=unstable_if action=reinterpret pc=0x000002408febd168 method=java.net.URI.match(CJJ)Z @ 19 c2
Event: 2.930 Thread 0x00000240a1755000 Uncommon trap: reason=unstable_if action=reinterpret pc=0x000002408fee9964 method=java.net.URI.match(CJJ)Z @ 19 c2
Event: 3.117 Thread 0x00000240a1755000 Uncommon trap: reason=unstable_if action=reinterpret pc=0x000002408ff8882c method=java.util.HashMap.hash(Ljava/lang/Object;)I @ 1 c2
Event: 3.165 Thread 0x00000240a1755000 Uncommon trap: reason=unstable_if action=reinterpret pc=0x000002408ff56150 method=jdk.internal.org.objectweb.asm.Type.getArgumentsAndReturnSizes(Ljava/lang/String;)I @ 88 c2
Event: 3.295 Thread 0x00000240a1755000 Uncommon trap: reason=unstable_if action=reinterpret pc=0x000002408fef7b68 method=java.io.WinNTFileSystem.resolve(Ljava/lang/String;Ljava/lang/String;)Ljava/lang/String; @ 83 c2

Classes redefined (0 events):
No events

Internal exceptions (10 events):
Event: 2.809 Thread 0x00000240a1755000 Exception <a 'java/lang/NoSuchMethodError'{0x000000008a0a0540}: java.lang.invoke.DirectMethodHandle$Holder.invokeVirtual(Ljava/lang/Object;Ljava/lang/Object;)I> (0x000000008a0a0540) thrown at [./open/src/hotspot/share/interpreter/linkResolver.cpp, line 77
Event: 2.867 Thread 0x00000240a1755000 Exception <a 'java/lang/NoSuchMethodError'{0x0000000089c4a590}: java.lang.invoke.Invokers$Holder.linkToTargetMethod(Ljava/lang/Object;ILjava/lang/Object;)Ljava/lang/Object;> (0x0000000089c4a590) thrown at [./open/src/hotspot/share/interpreter/linkResolver
Event: 3.117 Thread 0x00000240a1755000 Implicit null exception at 0x000002408ff88655 to 0x000002408ff8881c
Event: 3.214 Thread 0x00000240a1755000 Exception <a 'java/lang/NoSuchMethodError'{0x00000000891c5ca8}: java.lang.invoke.DirectMethodHandle$Holder.invokeSpecialIFC(Ljava/lang/Object;Ljava/lang/Object;Ljava/lang/Object;Ljava/lang/Object;)Ljava/lang/Object;> (0x00000000891c5ca8) thrown at [./open
Event: 3.229 Thread 0x00000240a1755000 Exception <a 'java/lang/NoSuchMethodError'{0x0000000089077c68}: java.lang.invoke.DirectMethodHandle$Holder.invokeSpecial(Ljava/lang/Object;Ljava/lang/Object;Ljava/lang/Object;Ljava/lang/Object;Ljava/lang/Object;Ljava/lang/Object;Ljava/lang/Object;Ljava/la
Event: 3.230 Thread 0x00000240a1755000 Exception <a 'java/lang/NoSuchMethodError'{0x0000000089088ef0}: java.lang.invoke.DirectMethodHandle$Holder.invokeSpecial(Ljava/lang/Object;Ljava/lang/Object;Ljava/lang/Object;Ljava/lang/Object;Ljava/lang/Object;Ljava/lang/Object;Ljava/lang/Object;Ljava/la
Event: 3.231 Thread 0x00000240a1755000 Exception <a 'java/lang/NoSuchMethodError'{0x000000008908e018}: java.lang.invoke.Invokers$Holder.linkToTargetMethod(Ljava/lang/Object;Ljava/lang/Object;Ljava/lang/Object;Ljava/lang/Object;Ljava/lang/Object;Ljava/lang/Object;Ljava/lang/Object;Ljava/lang/Ob
Event: 3.249 Thread 0x00000240a1755000 Exception <a 'java/lang/NoSuchMethodError'{0x0000000088f76f08}: java.lang.invoke.DirectMethodHandle$Holder.invokeSpecial(Ljava/lang/Object;Ljava/lang/Object;Ljava/lang/Object;Ljava/lang/Object;Ljava/lang/Object;Ljava/lang/Object;Ljava/lang/Object;Ljava/la
Event: 3.250 Thread 0x00000240a1755000 Exception <a 'java/lang/NoSuchMethodError'{0x0000000088f88500}: java.lang.invoke.Invokers$Holder.linkToTargetMethod(Ljava/lang/Object;Ljava/lang/Object;Ljava/lang/Object;Ljava/lang/Object;Ljava/lang/Object;Ljava/lang/Object;Ljava/lang/Object;Ljava/lang/Ob
Event: 3.256 Thread 0x00000240a1755000 Exception <a 'java/lang/NoSuchMethodError'{0x0000000088ffb760}: java.lang.invoke.DirectMethodHandle$Holder.invokeStaticInit(Ljava/lang/Object;Ljava/lang/Object;Ljava/lang/Object;Ljava/lang/Object;)Ljava/lang/Object;> (0x0000000088ffb760) thrown at [./open

Events (10 events):
Event: 3.398 loading class org/gradle/internal/execution/history/impl/DefaultExecutionHistoryStore
Event: 3.398 loading class org/gradle/internal/execution/history/impl/DefaultExecutionHistoryStore done
Event: 3.398 loading class org/gradle/internal/execution/history/impl/DefaultPreviousExecutionStateSerializer
Event: 3.398 loading class org/gradle/internal/execution/history/impl/DefaultPreviousExecutionStateSerializer done
Event: 3.399 loading class com/google/common/collect/ImmutableSortedMap
Event: 3.399 loading class com/google/common/collect/ImmutableSortedMap done
Event: 3.400 loading class com/google/common/collect/ImmutableSortedMapFauxverideShim
Event: 3.400 loading class com/google/common/collect/ImmutableSortedMapFauxverideShim done
Event: 3.400 loading class org/gradle/internal/execution/history/AfterPreviousExecutionState
Event: 3.400 loading class org/gradle/internal/execution/history/AfterPreviousExecutionState done


Dynamic libraries:
0x00007ff619890000 - 0x00007ff61989f000 	C:\Program Files\Java\jdk-11.0.10\bin\java.exe
0x00007fffcdff0000 - 0x00007fffce1e5000 	C:\Windows\SYSTEM32\ntdll.dll
0x00007fffcc2c0000 - 0x00007fffcc37d000 	C:\Windows\System32\KERNEL32.DLL
0x00007fffcb730000 - 0x00007fffcb9f8000 	C:\Windows\System32\KERNELBASE.dll
0x00007fffcbd20000 - 0x00007fffcbe20000 	C:\Windows\System32\ucrtbase.dll
0x00007fffa6790000 - 0x00007fffa67a8000 	C:\Program Files\Java\jdk-11.0.10\bin\jli.dll
0x00007fffa9320000 - 0x00007fffa9335000 	C:\Program Files\Java\jdk-11.0.10\bin\VCRUNTIME140.dll
0x00007fffcc050000 - 0x00007fffcc0fc000 	C:\Windows\System32\ADVAPI32.dll
0x00007fffccad0000 - 0x00007fffccb6e000 	C:\Windows\System32\msvcrt.dll
0x00007fffcdd60000 - 0x00007fffcddfb000 	C:\Windows\System32\sechost.dll
0x00007fffcc530000 - 0x00007fffcc65b000 	C:\Windows\System32\RPCRT4.dll
0x00007fffcc380000 - 0x00007fffcc520000 	C:\Windows\System32\USER32.dll
0x00007fffcbae0000 - 0x00007fffcbb02000 	C:\Windows\System32\win32u.dll
0x00007fffb3270000 - 0x00007fffb350a000 	C:\Windows\WinSxS\amd64_microsoft.windows.common-controls_6595b64144ccf1df_6.0.19041.844_none_ca00b6081b84eb1d\COMCTL32.dll
0x00007fffcc660000 - 0x00007fffcc68a000 	C:\Windows\System32\GDI32.dll
0x00007fffcbf40000 - 0x00007fffcc04b000 	C:\Windows\System32\gdi32full.dll
0x00007fffcbe20000 - 0x00007fffcbebd000 	C:\Windows\System32\msvcp_win.dll
0x00007fffc4e30000 - 0x00007fffc4e3a000 	C:\Windows\SYSTEM32\VERSION.dll
0x00007fffcd170000 - 0x00007fffcd1a0000 	C:\Windows\System32\IMM32.DLL
0x00007fff96b00000 - 0x00007fff96b9b000 	C:\Program Files\Java\jdk-11.0.10\bin\msvcp140.dll
0x00007fff7ddc0000 - 0x00007fff7e8bb000 	C:\Program Files\Java\jdk-11.0.10\bin\server\jvm.dll
0x00007fffcc9f0000 - 0x00007fffcc9f8000 	C:\Windows\System32\PSAPI.DLL
0x00007fffb97d0000 - 0x00007fffb97f7000 	C:\Windows\SYSTEM32\WINMM.dll
0x00007fffb9fe0000 - 0x00007fffb9fe9000 	C:\Windows\SYSTEM32\WSOCK32.dll
0x00007fffcca00000 - 0x00007fffcca6b000 	C:\Windows\System32\WS2_32.dll
0x00007fffca050000 - 0x00007fffca062000 	C:\Windows\SYSTEM32\kernel.appcore.dll
0x00007fffc35e0000 - 0x00007fffc35f0000 	C:\Program Files\Java\jdk-11.0.10\bin\verify.dll
0x00007fffc9520000 - 0x00007fffc9704000 	C:\Windows\SYSTEM32\DBGHELP.DLL
0x00007fffb92f0000 - 0x00007fffb931c000 	C:\Windows\SYSTEM32\dbgcore.DLL
0x00007fffcba00000 - 0x00007fffcba80000 	C:\Windows\System32\bcryptPrimitives.dll
0x00007fffa38e0000 - 0x00007fffa3908000 	C:\Program Files\Java\jdk-11.0.10\bin\java.dll
0x00007fffb9b20000 - 0x00007fffb9b2a000 	C:\Program Files\Java\jdk-11.0.10\bin\jimage.dll
0x00007fffa56e0000 - 0x00007fffa56f6000 	C:\Program Files\Java\jdk-11.0.10\bin\zip.dll
0x00007fffcd590000 - 0x00007fffcdcd2000 	C:\Windows\System32\SHELL32.dll
0x00007fffc9710000 - 0x00007fffc9ea1000 	C:\Windows\SYSTEM32\windows.storage.dll
0x00007fffcc690000 - 0x00007fffcc9e5000 	C:\Windows\System32\combase.dll
0x00007fffcb1a0000 - 0x00007fffcb1cc000 	C:\Windows\SYSTEM32\Wldp.dll
0x00007fffcd420000 - 0x00007fffcd4ce000 	C:\Windows\System32\SHCORE.dll
0x00007fffcd4d0000 - 0x00007fffcd525000 	C:\Windows\System32\shlwapi.dll
0x00007fffcb670000 - 0x00007fffcb68f000 	C:\Windows\SYSTEM32\profapi.dll
0x00007fffa5350000 - 0x00007fffa5369000 	C:\Program Files\Java\jdk-11.0.10\bin\net.dll
0x00007fffc0f40000 - 0x00007fffc104b000 	C:\Windows\SYSTEM32\WINHTTP.dll
0x00007fffcaf10000 - 0x00007fffcaf7a000 	C:\Windows\system32\mswsock.dll
0x00007fffa52e0000 - 0x00007fffa52f2000 	C:\Program Files\Java\jdk-11.0.10\bin\nio.dll
0x00007fffa51e0000 - 0x00007fffa5207000 	C:\Users\USER\.gradle\native\f6784746aeab05261644944871eae4fe03e0ef1612fff0a4a95f87b438bc6780\windows-amd64\native-platform.dll
0x00007fffb8840000 - 0x00007fffb8849000 	C:\Program Files\Java\jdk-11.0.10\bin\management.dll
0x00007fffb0600000 - 0x00007fffb060b000 	C:\Program Files\Java\jdk-11.0.10\bin\management_ext.dll
0x00007fffcb0e0000 - 0x00007fffcb0f8000 	C:\Windows\SYSTEM32\CRYPTSP.dll
0x00007fffca840000 - 0x00007fffca874000 	C:\Windows\system32\rsaenh.dll
0x00007fffcbf10000 - 0x00007fffcbf37000 	C:\Windows\System32\bcrypt.dll
0x00007fffcb630000 - 0x00007fffcb65e000 	C:\Windows\SYSTEM32\USERENV.dll
0x00007fffcb100000 - 0x00007fffcb10c000 	C:\Windows\SYSTEM32\CRYPTBASE.dll
0x00007fffcabb0000 - 0x00007fffcabeb000 	C:\Windows\SYSTEM32\IPHLPAPI.DLL
0x00007fffcd3f0000 - 0x00007fffcd3f8000 	C:\Windows\System32\NSI.dll
0x00007fffc33f0000 - 0x00007fffc3407000 	C:\Windows\SYSTEM32\dhcpcsvc6.DLL
0x00007fffc4680000 - 0x00007fffc469d000 	C:\Windows\SYSTEM32\dhcpcsvc.DLL
0x00007fffcabf0000 - 0x00007fffcacbc000 	C:\Windows\SYSTEM32\DNSAPI.dll
0x00007fffc4410000 - 0x00007fffc441b000 	C:\Windows\SYSTEM32\WINNSI.DLL

dbghelp: loaded successfully - version: 4.0.5 - missing functions: none
symbol engine: initialized successfully - sym options: 0x614 - pdb path: .;C:\Program Files\Java\jdk-11.0.10\bin;C:\Windows\SYSTEM32;C:\Windows\WinSxS\amd64_microsoft.windows.common-controls_6595b64144ccf1df_6.0.19041.844_none_ca00b6081b84eb1d;C:\Program Files\Java\jdk-11.0.10\bin\server;C:\Users\USER\.gradle\native\f6784746aeab05261644944871eae4fe03e0ef1612fff0a4a95f87b438bc6780\windows-amd64

VM Arguments:
jvm_args: --add-opens=java.base/java.util=ALL-UNNAMED --add-opens=java.base/java.lang=ALL-UNNAMED --add-opens=java.base/java.lang.invoke=ALL-UNNAMED --add-opens=java.prefs/java.util.prefs=ALL-UNNAMED -Xmx2048m -Dfile.encoding=UTF-8 -Duser.country=ID -Duser.language=en -Duser.variant 
java_command: org.gradle.launcher.daemon.bootstrap.GradleDaemon 6.5
java_class_path (initial): C:\Users\USER\.gradle\wrapper\dists\gradle-6.5-all\2oz4ud9k3tuxjg84bbf55q0tn\gradle-6.5\lib\gradle-launcher-6.5.jar
Launcher Type: SUN_STANDARD

[Global flags]
     intx CICompilerCount                          = 4                                         {product} {ergonomic}
     uint ConcGCThreads                            = 2                                         {product} {ergonomic}
     uint G1ConcRefinementThreads                  = 8                                         {product} {ergonomic}
   size_t G1HeapRegionSize                         = 1048576                                   {product} {ergonomic}
    uintx GCDrainStackTargetSize                   = 64                                        {product} {ergonomic}
   size_t InitialHeapSize                          = 201326592                                 {product} {ergonomic}
   size_t MarkStackSize                            = 4194304                                   {product} {ergonomic}
   size_t MaxHeapSize                              = 2147483648                                {product} {command line}
   size_t MaxNewSize                               = 1287651328                                {product} {ergonomic}
   size_t MinHeapDeltaBytes                        = 1048576                                   {product} {ergonomic}
    uintx NonNMethodCodeHeapSize                   = 5836300                                {pd product} {ergonomic}
    uintx NonProfiledCodeHeapSize                  = 122910970                              {pd product} {ergonomic}
    uintx ProfiledCodeHeapSize                     = 122910970                              {pd product} {ergonomic}
    uintx ReservedCodeCacheSize                    = 251658240                              {pd product} {ergonomic}
     bool SegmentedCodeCache                       = true                                      {product} {ergonomic}
     bool UseCompressedClassPointers               = true                                 {lp64_product} {ergonomic}
     bool UseCompressedOops                        = true                                 {lp64_product} {ergonomic}
     bool UseG1GC                                  = true                                      {product} {ergonomic}
     bool UseLargePagesIndividualAllocation        = false                                  {pd product} {ergonomic}

Logging:
Log output configuration:
 #0: stdout all=warning uptime,level,tags
 #1: stderr all=off uptime,level,tags

Environment Variables:
JAVA_HOME=C:\Program Files\Java\jdk-11.0.10\bin
JRE_HOME=C:\Program Files\Java\jre1.8.0_281\bin
PATH=C:\Program Files (x86)\Common Files\Oracle\Java\javapath;C:\Program Files\Common Files\Oracle\Java\javapath;C:\Program Files (x86)\Intel\iCLS Client\;C:\Program Files\Intel\iCLS Client\;C:\Windows\system32;C:\Windows;C:\Windows\System32\Wbem;C:\Windows\System32\WindowsPowerShell\v1.0\;C:\Windows\System32\OpenSSH\;C:\Program Files (x86)\Intel\Intel(R) Management Engine Components\DAL;C:\Program Files\Intel\Intel(R) Management Engine Components\DAL;C:\Program Files (x86)\Intel\Intel(R) Management Engine Components\IPT;C:\Program Files\Intel\Intel(R) Management Engine Components\IPT;C:\Program Files\Git\cmd;D:\Flutter\flutter\bin;C:\xampp\php;C:\ProgramData\ComposerSetup\bin;C:\Program Files\Java\jdk-11.0.10\bin;C:\ProgramData\chocolatey\bin;D:\Data\Node JS\;c:\Users\YOUR_USERNAME\AppData\Local\Android\Sdk\platform-tools;C:\Program Files\NVIDIA Corporation\NVIDIA NvDLISR;C:\Program Files (x86)\NVIDIA Corporation\PhysX\Common;C:\Program Files\MongoDB\Server\4.4\bin;C:\xampp\tomcat\bin;D:\Data\Go\bin;C:\Users\USER\AppData\Local\Microsoft\WindowsApps;;D:\Data\Microsoft VS Code\bin;C:\Users\USER\AppData\Roaming\Composer\vendor\bin;C:\Users\USER\AppData\Roaming\npm;D:\Data\PyCharm Community Edition 2020.3.5\bin;;D:\Data\IntelliJ IDEA Community Edition 2020.3.3\bin;;C:\Users\USER\go\bin
USERNAME=USER
OS=Windows_NT
PROCESSOR_IDENTIFIER=Intel64 Family 6 Model 142 Stepping 10, GenuineIntel



---------------  S Y S T E M  ---------------

OS: Windows 10 , 64 bit Build 19041 (10.0.19041.928)

CPU:total 8 (initial active 8) (4 cores per cpu, 2 threads per core) family 6 model 142 stepping 10 microcode 0xe0, cmov, cx8, fxsr, mmx, sse, sse2, sse3, ssse3, sse4.1, sse4.2, popcnt, avx, avx2, aes, clmul, erms, 3dnowpref, lzcnt, ht, tsc, tscinvbit, bmi1, bmi2, adx, fma

Memory: 4k page, system-wide physical 12174M (616M free)
TotalPageFile size 27360M (AvailPageFile size 2M)
current process WorkingSet (physical memory assigned to process): 234M, peak: 234M
current process commit charge ("private bytes"): 367M, peak: 375M

vm_info: Java HotSpot(TM) 64-Bit Server VM (11.0.10+8-LTS-162) for windows-amd64 JRE (11.0.10+8-LTS-162), built on Dec  8 2020 16:32:57 by "mach5one" with MS VC++ 15.9 (VS2017)

END.
