#
# There is insufficient memory for the Java Runtime Environment to continue.
# Native memory allocation (mmap) failed to map 54525952 bytes for Failed to commit area from 0x000000008c000000 to 0x000000008f400000 of length 54525952.
# Possible reasons:
#   The system is out of physical RAM or swap space
#   The process is running with CompressedOops enabled, and the Java Heap may be blocking the growth of the native heap
# Possible solutions:
#   Reduce memory load on the system
#   Increase physical memory or swap space
#   Check if swap backing store is full
#   Decrease Java heap size (-Xmx/-Xms)
#   Decrease number of Java threads
#   Decrease Java thread stack sizes (-Xss)
#   Set larger code cache with -XX:ReservedCodeCacheSize=
#   JVM is running with Unscaled Compressed Oops mode in which the Java heap is
#     placed in the first 4GB address space. The Java Heap base address is the
#     maximum limit for the native heap growth. Please use -XX:HeapBaseMinAddress
#     to set the Java Heap base and to place the Java Heap above 4GB virtual address.
# This output file may be truncated or incomplete.
#
#  Out of Memory Error (./open/src/hotspot/os/windows/os_windows.cpp:3273), pid=14380, tid=11728
#
# JRE version: Java(TM) SE Runtime Environment 18.9 (11.0.10+8) (build 11.0.10+8-LTS-162)
# Java VM: Java HotSpot(TM) 64-Bit Server VM 18.9 (11.0.10+8-LTS-162, mixed mode, tiered, compressed oops, g1 gc, windows-amd64)
# No core dump will be written. Minidumps are not enabled by default on client versions of Windows
#

---------------  S U M M A R Y ------------

Command Line: --add-opens=java.base/java.util=ALL-UNNAMED --add-opens=java.base/java.lang=ALL-UNNAMED --add-opens=java.base/java.lang.invoke=ALL-UNNAMED --add-opens=java.prefs/java.util.prefs=ALL-UNNAMED -Xmx2048m -Dfile.encoding=UTF-8 -Duser.country=ID -Duser.language=en -Duser.variant org.gradle.launcher.daemon.bootstrap.GradleDaemon 6.5

Host: Intel(R) Core(TM) i5-8250U CPU @ 1.60GHz, 8 cores, 11G,  Windows 10 , 64 bit Build 19041 (10.0.19041.928)
Time: Thu Apr 22 00:12:17 2021 SE Asia Standard Time elapsed time: 1983.051167 seconds (0d 0h 33m 3s)

---------------  T H R E A D  ---------------

Current thread (0x00000213b5c81000):  VMThread "VM Thread" [stack: 0x0000003e48500000,0x0000003e48600000] [id=11728]

Stack: [0x0000003e48500000,0x0000003e48600000]
[error occurred during error reporting (printing stack bounds), id 0xc0000005, EXCEPTION_ACCESS_VIOLATION (0xc0000005) at pc=0x000002139eb20f2d]

Native frames: (J=compiled Java code, j=interpreted, Vv=VM code, C=native code)
V  [jvm.dll+0x613e6a]
V  [jvm.dll+0x74c1ff]
V  [jvm.dll+0x74d885]
V  [jvm.dll+0x74de65]
V  [jvm.dll+0x74de1b]
V  [jvm.dll+0x6136a3]
V  [jvm.dll+0x613a68]
C  [ntdll.dll+0xa207f]
C  [ntdll.dll+0x51454]
C  [ntdll.dll+0xa0bae]
C  0x000002139eb20f2d

VM_Operation (0x0000003e538fe390): G1CollectForAllocation, mode: safepoint, requested by thread 0x00000213bf1bd000


---------------  P R O C E S S  ---------------

Threads class SMR info:
_java_thread_list=0x00000213bca76320, length=181, elements={
0x0000021394e67800, 0x00000213b5c83000, 0x00000213b5c84000, 0x00000213b64e3800,
0x00000213b64e5000, 0x00000213b64e6000, 0x00000213b64ea000, 0x00000213b64f5000,
0x00000213b665b800, 0x00000213b669d800, 0x00000213b814e000, 0x00000213b7d5d000,
0x00000213b7831000, 0x00000213b806a800, 0x00000213b806d800, 0x00000213b806d000,
0x00000213b8bc2800, 0x00000213b8bc7800, 0x00000213b682f800, 0x00000213b683a800,
0x00000213b8a34000, 0x00000213b8a31800, 0x00000213b8a30800, 0x00000213b8a2e800,
0x00000213b8a45000, 0x00000213c060b000, 0x00000213c0609800, 0x00000213c060d800,
0x00000213c060c000, 0x00000213c060e800, 0x00000213c0610000, 0x00000213c060d000,
0x00000213c0611800, 0x00000213c0613800, 0x00000213c0612800, 0x00000213c0614000,
0x00000213c0615000, 0x00000213c060f800, 0x00000213c0616800, 0x00000213c0611000,
0x00000213c061b800, 0x00000213c0618800, 0x00000213c061c800, 0x00000213c061d000,
0x00000213c0617800, 0x00000213c061e000, 0x00000213c061a800, 0x00000213c061f000,
0x00000213c0619000, 0x00000213c061f800, 0x00000213c061a000, 0x00000213c0623800,
0x00000213c0625800, 0x00000213c0626000, 0x00000213c0620800, 0x00000213c0627000,
0x00000213c0621800, 0x00000213c0623000, 0x00000213c0624800, 0x00000213c0628000,
0x00000213c0622000, 0x00000213c0628800, 0x00000213b8f49800, 0x00000213b8f44000,
0x00000213b8f46800, 0x00000213b8f47800, 0x00000213b8f4a800, 0x00000213b8f45000,
0x00000213b8f4b800, 0x00000213b8f49000, 0x00000213b8f45800, 0x00000213b8f4c000,
0x00000213b8f4e000, 0x00000213b8f48000, 0x00000213b8f54800, 0x00000213b8f52800,
0x00000213b8f52000, 0x00000213b8f53800, 0x00000213b8f4e800, 0x00000213b8f55000,
0x00000213b8f4f800, 0x00000213b8f56000, 0x00000213b8f50000, 0x00000213b8f57000,
0x00000213b8f51000, 0x00000213b8f5c800, 0x00000213b8f58800, 0x00000213b8f5d800,
0x00000213b8f5b000, 0x00000213b8f59000, 0x00000213b8f5a000, 0x00000213b8f5b800,
0x00000213b8f57800, 0x00000213b8f5f000, 0x00000213b8f60800, 0x00000213b8f63000,
0x00000213b8f61800, 0x00000213b8f62000, 0x00000213b8f5e000, 0x00000213b8f5f800,
0x00000213b8a32800, 0x00000213b8a35000, 0x00000213b8a2f000, 0x00000213b8a35800,
0x00000213b8a30000, 0x00000213b8a3a800, 0x00000213b8a36800, 0x00000213b8a3d000,
0x00000213b8a39000, 0x00000213b8a37800, 0x00000213b8a3b800, 0x00000213b8a39800,
0x00000213b8a3e000, 0x00000213b8a3c000, 0x00000213b8a38000, 0x00000213b8a42000,
0x00000213b8a43800, 0x00000213b8a3e800, 0x00000213b8a47000, 0x00000213b8a44800,
0x00000213b8a41000, 0x00000213b8a46000, 0x00000213b8a42800, 0x00000213b8a4c800,
0x00000213b8a47800, 0x00000213b8a48800, 0x00000213b8a49000, 0x00000213b8a4a000,
0x00000213b8a4b000, 0x00000213b8a4b800, 0x00000213b8a4d800, 0x00000213b8bca800,
0x00000213b8bc8000, 0x00000213b8bca000, 0x00000213b8bc9000, 0x00000213b8bc5000,
0x00000213b8bcb800, 0x00000213b8bc5800, 0x00000213b8bd0800, 0x00000213b8bcc000,
0x00000213b8bce800, 0x00000213b8bcd000, 0x00000213b8bce000, 0x00000213b8bcf800,
0x00000213b6831000, 0x00000213b682e800, 0x00000213b682c000, 0x00000213b6831800,
0x00000213b6832800, 0x00000213b682d000, 0x00000213b6833800, 0x00000213b6834000,
0x00000213b6836800, 0x00000213b6836000, 0x00000213b6835000, 0x00000213b6837800,
0x00000213b806b000, 0x00000213b806e800, 0x00000213b8069000, 0x00000213b806f800,
0x00000213b806c000, 0x00000213b8069800, 0x00000213bf1b1800, 0x00000213bf1b0000,
0x00000213bf1b6800, 0x00000213bf1b4000, 0x00000213bf1b2800, 0x00000213bf1b0800,
0x00000213bf1b3000, 0x00000213bf1ba800, 0x00000213bf1b9800, 0x00000213bf1b5800,
0x00000213bf1b7000, 0x00000213bf1b8000, 0x00000213bf1b4800, 0x00000213bf1bd000,
0x00000213b77ab800, 0x00000213bf1be800, 0x00000213bf1bc000, 0x00000213bf1bd800,
0x00000213bf1c1000
}

Java Threads: ( => current thread )
  0x0000021394e67800 JavaThread "main" [_thread_blocked, id=9144, stack(0x0000003e47f00000,0x0000003e48000000)]
  0x00000213b5c83000 JavaThread "Reference Handler" daemon [_thread_blocked, id=15216, stack(0x0000003e48600000,0x0000003e48700000)]
  0x00000213b5c84000 JavaThread "Finalizer" daemon [_thread_blocked, id=10968, stack(0x0000003e48700000,0x0000003e48800000)]
  0x00000213b64e3800 JavaThread "Signal Dispatcher" daemon [_thread_blocked, id=7936, stack(0x0000003e48800000,0x0000003e48900000)]
  0x00000213b64e5000 JavaThread "Attach Listener" daemon [_thread_blocked, id=10832, stack(0x0000003e48900000,0x0000003e48a00000)]
  0x00000213b64e6000 JavaThread "C2 CompilerThread0" daemon [_thread_blocked, id=6540, stack(0x0000003e48a00000,0x0000003e48b00000)]
  0x00000213b64ea000 JavaThread "C1 CompilerThread0" daemon [_thread_blocked, id=616, stack(0x0000003e48b00000,0x0000003e48c00000)]
  0x00000213b64f5000 JavaThread "Sweeper thread" daemon [_thread_blocked, id=12828, stack(0x0000003e48c00000,0x0000003e48d00000)]
  0x00000213b665b800 JavaThread "Common-Cleaner" daemon [_thread_blocked, id=15500, stack(0x0000003e48d00000,0x0000003e48e00000)]
  0x00000213b669d800 JavaThread "Service Thread" daemon [_thread_blocked, id=984, stack(0x0000003e48e00000,0x0000003e48f00000)]
  0x00000213b814e000 JavaThread "Daemon health stats" [_thread_blocked, id=15796, stack(0x0000003e49400000,0x0000003e49500000)]
  0x00000213b7d5d000 JavaThread "Incoming local TCP Connector on port 54334" [_thread_in_native, id=10828, stack(0x0000003e49600000,0x0000003e49700000)]
  0x00000213b7831000 JavaThread "Daemon periodic checks" [_thread_blocked, id=12184, stack(0x0000003e49700000,0x0000003e49800000)]
  0x00000213b806a800 JavaThread "Cache worker for journal cache (C:\Users\USER\.gradle\caches\journal-1)" [_thread_blocked, id=10700, stack(0x0000003e49c00000,0x0000003e49d00000)]
  0x00000213b806d800 JavaThread "File lock request listener" [_thread_in_native, id=11568, stack(0x0000003e4a000000,0x0000003e4a100000)]
  0x00000213b806d000 JavaThread "Cache worker for file hash cache (C:\Users\USER\.gradle\caches\6.5\fileHashes)" [_thread_blocked, id=8164, stack(0x0000003e4a100000,0x0000003e4a200000)]
  0x00000213b8bc2800 JavaThread "Cache worker for execution history cache (C:\Users\USER\.gradle\caches\6.5\executionHistory)" [_thread_blocked, id=7476, stack(0x0000003e4ad00000,0x0000003e4ae00000)]
  0x00000213b8bc7800 JavaThread "Cache worker for file content cache (C:\Users\USER\.gradle\caches\6.5\fileContent)" [_thread_blocked, id=8740, stack(0x0000003e4af00000,0x0000003e4b000000)]
  0x00000213b682f800 JavaThread "Memory manager" [_thread_blocked, id=12708, stack(0x0000003e53100000,0x0000003e53200000)]
  0x00000213b683a800 JavaThread "RMI Scheduler(0)" daemon [_thread_blocked, id=7792, stack(0x0000003e52f00000,0x0000003e53000000)]
  0x00000213b8a34000 JavaThread "RMI GC Daemon" daemon [_thread_blocked, id=7748, stack(0x0000003e53b00000,0x0000003e53c00000)]
  0x00000213b8a31800 JavaThread "RMI TCP Accept-0" daemon [_thread_in_native, id=13568, stack(0x0000003e53c00000,0x0000003e53d00000)]
  0x00000213b8a30800 JavaThread "RMI Reaper" [_thread_blocked, id=11152, stack(0x0000003e53d00000,0x0000003e53e00000)]
  0x00000213b8a2e800 JavaThread "Cache worker for Java compile cache (C:\Users\USER\.gradle\caches\6.5\javaCompile)" [_thread_blocked, id=11560, stack(0x0000003e53e00000,0x0000003e53f00000)]
  0x00000213b8a45000 JavaThread "ForkJoinPool.commonPool-worker-15" daemon [_thread_blocked, id=5616, stack(0x0000003e54e00000,0x0000003e54f00000)]
  0x00000213c060b000 JavaThread "RMI TCP Connection(idle)" daemon [_thread_blocked, id=14092, stack(0x0000003e47e00000,0x0000003e47f00000)]
  0x00000213c0609800 JavaThread "Daemon Thread 3" [_thread_blocked, id=6052, stack(0x0000003e49000000,0x0000003e49100000)]
  0x00000213c060d800 JavaThread "Handler for socket connection from /127.0.0.1:54334 to /127.0.0.1:55260" [_thread_in_native, id=4060, stack(0x0000003e49500000,0x0000003e49600000)]
  0x00000213c060c000 JavaThread "Cancel handler" [_thread_blocked, id=8800, stack(0x0000003e49800000,0x0000003e49900000)]
  0x00000213c060e800 JavaThread "Daemon worker Thread 3" [_thread_blocked, id=13220, stack(0x0000003e49900000,0x0000003e49a00000)]
  0x00000213c0610000 JavaThread "Asynchronous log dispatcher for DefaultDaemonConnection: socket connection from /127.0.0.1:54334 to /127.0.0.1:55260" [_thread_blocked, id=13044, stack(0x0000003e49a00000,0x0000003e49b00000)]
  0x00000213c060d000 JavaThread "Stdin handler" [_thread_blocked, id=5368, stack(0x0000003e49b00000,0x0000003e49c00000)]
  0x00000213c0611800 JavaThread "Thread-476" [_thread_blocked, id=11580, stack(0x0000003e49d00000,0x0000003e49e00000)]
  0x00000213c0613800 JavaThread "Cache worker for file hash cache (D:\Data Kuliah\Semester 6\PPB\Download\Theatrum\.gradle\6.5\fileHashes)" [_thread_blocked, id=9116, stack(0x0000003e49e00000,0x0000003e49f00000)]
  0x00000213c0612800 JavaThread "Cache worker for checksums cache (D:\Data Kuliah\Semester 6\PPB\Download\Theatrum\.gradle\checksums)" [_thread_blocked, id=5844, stack(0x0000003e49f00000,0x0000003e4a000000)]
  0x00000213c0614000 JavaThread "Cache worker for cache directory md-supplier (C:\Users\USER\.gradle\caches\6.5\md-supplier)" [_thread_blocked, id=11028, stack(0x0000003e4a700000,0x0000003e4a800000)]
  0x00000213c0615000 JavaThread "Cache worker for cache directory md-rule (C:\Users\USER\.gradle\caches\6.5\md-rule)" [_thread_blocked, id=8408, stack(0x0000003e4a800000,0x0000003e4a900000)]
  0x00000213c060f800 JavaThread "Build operations" [_thread_blocked, id=8932, stack(0x0000003e4a900000,0x0000003e4aa00000)]
  0x00000213c0616800 JavaThread "Build operations Thread 2" [_thread_blocked, id=2988, stack(0x0000003e4aa00000,0x0000003e4ab00000)]
  0x00000213c0611000 JavaThread "Build operations Thread 3" [_thread_blocked, id=2132, stack(0x0000003e4ab00000,0x0000003e4ac00000)]
  0x00000213c061b800 JavaThread "Build operations Thread 4" [_thread_blocked, id=13288, stack(0x0000003e4ac00000,0x0000003e4ad00000)]
  0x00000213c0618800 JavaThread "Build operations Thread 5" [_thread_blocked, id=1544, stack(0x0000003e4ae00000,0x0000003e4af00000)]
  0x00000213c061c800 JavaThread "Build operations Thread 6" [_thread_blocked, id=16336, stack(0x0000003e4b000000,0x0000003e4b100000)]
  0x00000213c061d000 JavaThread "Build operations Thread 7" [_thread_blocked, id=5344, stack(0x0000003e4b100000,0x0000003e4b200000)]
  0x00000213c0617800 JavaThread "Build operations Thread 8" [_thread_blocked, id=8404, stack(0x0000003e4b200000,0x0000003e4b300000)]
  0x00000213c061e000 JavaThread "jar transforms Thread 364" [_thread_blocked, id=6260, stack(0x0000003e4b300000,0x0000003e4b400000)]
  0x00000213c061a800 JavaThread "jar transforms Thread 365" [_thread_blocked, id=14152, stack(0x0000003e4b400000,0x0000003e4b500000)]
  0x00000213c061f000 JavaThread "jar transforms Thread 366" [_thread_blocked, id=14316, stack(0x0000003e4b500000,0x0000003e4b600000)]
  0x00000213c0619000 JavaThread "jar transforms Thread 367" [_thread_blocked, id=3180, stack(0x0000003e4b600000,0x0000003e4b700000)]
  0x00000213c061f800 JavaThread "jar transforms Thread 368" [_thread_blocked, id=15368, stack(0x0000003e4b700000,0x0000003e4b800000)]
  0x00000213c061a000 JavaThread "jar transforms Thread 369" [_thread_blocked, id=10148, stack(0x0000003e4b800000,0x0000003e4b900000)]
  0x00000213c0623800 JavaThread "jar transforms Thread 370" [_thread_blocked, id=1232, stack(0x0000003e4b900000,0x0000003e4ba00000)]
  0x00000213c0625800 JavaThread "jar transforms Thread 371" [_thread_blocked, id=8880, stack(0x0000003e4ba00000,0x0000003e4bb00000)]
  0x00000213c0626000 JavaThread "jar transforms Thread 372" [_thread_blocked, id=7576, stack(0x0000003e4bb00000,0x0000003e4bc00000)]
  0x00000213c0620800 JavaThread "jar transforms Thread 373" [_thread_blocked, id=13856, stack(0x0000003e4bc00000,0x0000003e4bd00000)]
  0x00000213c0627000 JavaThread "jar transforms Thread 374" [_thread_blocked, id=8176, stack(0x0000003e4bd00000,0x0000003e4be00000)]
  0x00000213c0621800 JavaThread "jar transforms Thread 375" [_thread_blocked, id=3308, stack(0x0000003e4be00000,0x0000003e4bf00000)]
  0x00000213c0623000 JavaThread "jar transforms Thread 376" [_thread_blocked, id=4440, stack(0x0000003e4bf00000,0x0000003e4c000000)]
  0x00000213c0624800 JavaThread "jar transforms Thread 377" [_thread_blocked, id=10936, stack(0x0000003e4c000000,0x0000003e4c100000)]
  0x00000213c0628000 JavaThread "jar transforms Thread 378" [_thread_blocked, id=1588, stack(0x0000003e4c100000,0x0000003e4c200000)]
  0x00000213c0622000 JavaThread "jar transforms Thread 379" [_thread_blocked, id=15688, stack(0x0000003e4c200000,0x0000003e4c300000)]
  0x00000213c0628800 JavaThread "jar transforms Thread 380" [_thread_blocked, id=7424, stack(0x0000003e4c300000,0x0000003e4c400000)]
  0x00000213b8f49800 JavaThread "jar transforms Thread 381" [_thread_blocked, id=14912, stack(0x0000003e4c400000,0x0000003e4c500000)]
  0x00000213b8f44000 JavaThread "jar transforms Thread 382" [_thread_blocked, id=4932, stack(0x0000003e4c500000,0x0000003e4c600000)]
  0x00000213b8f46800 JavaThread "jar transforms Thread 383" [_thread_blocked, id=14568, stack(0x0000003e4c600000,0x0000003e4c700000)]
  0x00000213b8f47800 JavaThread "jar transforms Thread 384" [_thread_blocked, id=3920, stack(0x0000003e4c700000,0x0000003e4c800000)]
  0x00000213b8f4a800 JavaThread "jar transforms Thread 385" [_thread_blocked, id=5216, stack(0x0000003e4c900000,0x0000003e4ca00000)]
  0x00000213b8f45000 JavaThread "jar transforms Thread 386" [_thread_blocked, id=13304, stack(0x0000003e4ca00000,0x0000003e4cb00000)]
  0x00000213b8f4b800 JavaThread "jar transforms Thread 387" [_thread_blocked, id=11652, stack(0x0000003e4cb00000,0x0000003e4cc00000)]
  0x00000213b8f49000 JavaThread "jar transforms Thread 388" [_thread_blocked, id=9736, stack(0x0000003e4cc00000,0x0000003e4cd00000)]
  0x00000213b8f45800 JavaThread "jar transforms Thread 389" [_thread_blocked, id=12232, stack(0x0000003e4cd00000,0x0000003e4ce00000)]
  0x00000213b8f4c000 JavaThread "jar transforms Thread 390" [_thread_blocked, id=1088, stack(0x0000003e4ce00000,0x0000003e4cf00000)]
  0x00000213b8f4e000 JavaThread "jar transforms Thread 391" [_thread_blocked, id=5656, stack(0x0000003e4cf00000,0x0000003e4d000000)]
  0x00000213b8f48000 JavaThread "jar transforms Thread 392" [_thread_blocked, id=348, stack(0x0000003e4d000000,0x0000003e4d100000)]
  0x00000213b8f54800 JavaThread "jar transforms Thread 393" [_thread_blocked, id=13560, stack(0x0000003e4d100000,0x0000003e4d200000)]
  0x00000213b8f52800 JavaThread "jar transforms Thread 394" [_thread_blocked, id=13052, stack(0x0000003e4d200000,0x0000003e4d300000)]
  0x00000213b8f52000 JavaThread "jar transforms Thread 395" [_thread_blocked, id=11832, stack(0x0000003e4d300000,0x0000003e4d400000)]
  0x00000213b8f53800 JavaThread "jar transforms Thread 396" [_thread_blocked, id=3488, stack(0x0000003e4d400000,0x0000003e4d500000)]
  0x00000213b8f4e800 JavaThread "jar transforms Thread 397" [_thread_blocked, id=11080, stack(0x0000003e4d500000,0x0000003e4d600000)]
  0x00000213b8f55000 JavaThread "jar transforms Thread 398" [_thread_blocked, id=7832, stack(0x0000003e4d600000,0x0000003e4d700000)]
  0x00000213b8f4f800 JavaThread "jar transforms Thread 399" [_thread_blocked, id=2308, stack(0x0000003e4d700000,0x0000003e4d800000)]
  0x00000213b8f56000 JavaThread "jar transforms Thread 400" [_thread_blocked, id=15600, stack(0x0000003e4d800000,0x0000003e4d900000)]
  0x00000213b8f50000 JavaThread "jar transforms Thread 401" [_thread_blocked, id=2364, stack(0x0000003e4d900000,0x0000003e4da00000)]
  0x00000213b8f57000 JavaThread "jar transforms Thread 402" [_thread_blocked, id=14368, stack(0x0000003e4da00000,0x0000003e4db00000)]
  0x00000213b8f51000 JavaThread "jar transforms Thread 403" [_thread_blocked, id=11816, stack(0x0000003e4db00000,0x0000003e4dc00000)]
  0x00000213b8f5c800 JavaThread "jar transforms Thread 404" [_thread_blocked, id=13672, stack(0x0000003e4dc00000,0x0000003e4dd00000)]
  0x00000213b8f58800 JavaThread "jar transforms Thread 405" [_thread_blocked, id=7052, stack(0x0000003e4dd00000,0x0000003e4de00000)]
  0x00000213b8f5d800 JavaThread "jar transforms Thread 406" [_thread_blocked, id=12192, stack(0x0000003e4de00000,0x0000003e4df00000)]
  0x00000213b8f5b000 JavaThread "jar transforms Thread 407" [_thread_blocked, id=10332, stack(0x0000003e4df00000,0x0000003e4e000000)]
  0x00000213b8f59000 JavaThread "jar transforms Thread 408" [_thread_blocked, id=10428, stack(0x0000003e4e000000,0x0000003e4e100000)]
  0x00000213b8f5a000 JavaThread "jar transforms Thread 409" [_thread_blocked, id=2588, stack(0x0000003e4e100000,0x0000003e4e200000)]
  0x00000213b8f5b800 JavaThread "jar transforms Thread 410" [_thread_blocked, id=10192, stack(0x0000003e4e200000,0x0000003e4e300000)]
  0x00000213b8f57800 JavaThread "jar transforms Thread 411" [_thread_blocked, id=3556, stack(0x0000003e4e300000,0x0000003e4e400000)]
  0x00000213b8f5f000 JavaThread "jar transforms Thread 412" [_thread_blocked, id=12016, stack(0x0000003e4e400000,0x0000003e4e500000)]
  0x00000213b8f60800 JavaThread "jar transforms Thread 413" [_thread_blocked, id=13336, stack(0x0000003e4e500000,0x0000003e4e600000)]
  0x00000213b8f63000 JavaThread "jar transforms Thread 414" [_thread_blocked, id=6352, stack(0x0000003e4e600000,0x0000003e4e700000)]
  0x00000213b8f61800 JavaThread "jar transforms Thread 415" [_thread_blocked, id=13704, stack(0x0000003e4e700000,0x0000003e4e800000)]
  0x00000213b8f62000 JavaThread "jar transforms Thread 416" [_thread_blocked, id=14216, stack(0x0000003e4e800000,0x0000003e4e900000)]
  0x00000213b8f5e000 JavaThread "jar transforms Thread 417" [_thread_blocked, id=7160, stack(0x0000003e4e900000,0x0000003e4ea00000)]
  0x00000213b8f5f800 JavaThread "jar transforms Thread 418" [_thread_blocked, id=2620, stack(0x0000003e4ea00000,0x0000003e4eb00000)]
  0x00000213b8a32800 JavaThread "jar transforms Thread 419" [_thread_blocked, id=7732, stack(0x0000003e4eb00000,0x0000003e4ec00000)]
  0x00000213b8a35000 JavaThread "jar transforms Thread 420" [_thread_blocked, id=8724, stack(0x0000003e4ec00000,0x0000003e4ed00000)]
  0x00000213b8a2f000 JavaThread "jar transforms Thread 421" [_thread_blocked, id=10168, stack(0x0000003e4ed00000,0x0000003e4ee00000)]
  0x00000213b8a35800 JavaThread "jar transforms Thread 422" [_thread_blocked, id=6136, stack(0x0000003e4ee00000,0x0000003e4ef00000)]
  0x00000213b8a30000 JavaThread "jar transforms Thread 423" [_thread_blocked, id=5624, stack(0x0000003e4ef00000,0x0000003e4f000000)]
  0x00000213b8a3a800 JavaThread "jar transforms Thread 424" [_thread_blocked, id=11048, stack(0x0000003e4f000000,0x0000003e4f100000)]
  0x00000213b8a36800 JavaThread "jar transforms Thread 425" [_thread_blocked, id=16112, stack(0x0000003e4f100000,0x0000003e4f200000)]
  0x00000213b8a3d000 JavaThread "jar transforms Thread 426" [_thread_blocked, id=10224, stack(0x0000003e4f200000,0x0000003e4f300000)]
  0x00000213b8a39000 JavaThread "jar transforms Thread 427" [_thread_blocked, id=5828, stack(0x0000003e4f300000,0x0000003e4f400000)]
  0x00000213b8a37800 JavaThread "jar transforms Thread 428" [_thread_blocked, id=8204, stack(0x0000003e4f400000,0x0000003e4f500000)]
  0x00000213b8a3b800 JavaThread "jar transforms Thread 429" [_thread_blocked, id=8224, stack(0x0000003e4f500000,0x0000003e4f600000)]
  0x00000213b8a39800 JavaThread "jar transforms Thread 430" [_thread_blocked, id=13328, stack(0x0000003e4f600000,0x0000003e4f700000)]
  0x00000213b8a3e000 JavaThread "jar transforms Thread 431" [_thread_blocked, id=8416, stack(0x0000003e4f700000,0x0000003e4f800000)]
  0x00000213b8a3c000 JavaThread "jar transforms Thread 432" [_thread_blocked, id=7880, stack(0x0000003e4f800000,0x0000003e4f900000)]
  0x00000213b8a38000 JavaThread "jar transforms Thread 433" [_thread_blocked, id=15596, stack(0x0000003e4f900000,0x0000003e4fa00000)]
  0x00000213b8a42000 JavaThread "jar transforms Thread 434" [_thread_blocked, id=12396, stack(0x0000003e4fa00000,0x0000003e4fb00000)]
  0x00000213b8a43800 JavaThread "jar transforms Thread 435" [_thread_blocked, id=6648, stack(0x0000003e4fb00000,0x0000003e4fc00000)]
  0x00000213b8a3e800 JavaThread "jar transforms Thread 436" [_thread_blocked, id=12948, stack(0x0000003e4fc00000,0x0000003e4fd00000)]
  0x00000213b8a47000 JavaThread "jar transforms Thread 437" [_thread_blocked, id=4644, stack(0x0000003e4fd00000,0x0000003e4fe00000)]
  0x00000213b8a44800 JavaThread "jar transforms Thread 438" [_thread_blocked, id=9152, stack(0x0000003e4fe00000,0x0000003e4ff00000)]
  0x00000213b8a41000 JavaThread "jar transforms Thread 439" [_thread_blocked, id=7192, stack(0x0000003e4ff00000,0x0000003e50000000)]
  0x00000213b8a46000 JavaThread "jar transforms Thread 440" [_thread_blocked, id=6004, stack(0x0000003e50000000,0x0000003e50100000)]
  0x00000213b8a42800 JavaThread "jar transforms Thread 441" [_thread_blocked, id=10628, stack(0x0000003e50100000,0x0000003e50200000)]
  0x00000213b8a4c800 JavaThread "jar transforms Thread 442" [_thread_blocked, id=10836, stack(0x0000003e50200000,0x0000003e50300000)]
  0x00000213b8a47800 JavaThread "jar transforms Thread 443" [_thread_blocked, id=13424, stack(0x0000003e50300000,0x0000003e50400000)]
  0x00000213b8a48800 JavaThread "jar transforms Thread 444" [_thread_blocked, id=5568, stack(0x0000003e50400000,0x0000003e50500000)]
  0x00000213b8a49000 JavaThread "jar transforms Thread 445" [_thread_blocked, id=4948, stack(0x0000003e50500000,0x0000003e50600000)]
  0x00000213b8a4a000 JavaThread "jar transforms Thread 446" [_thread_blocked, id=728, stack(0x0000003e50600000,0x0000003e50700000)]
  0x00000213b8a4b000 JavaThread "jar transforms Thread 447" [_thread_blocked, id=14804, stack(0x0000003e50700000,0x0000003e50800000)]
  0x00000213b8a4b800 JavaThread "jar transforms Thread 448" [_thread_blocked, id=8944, stack(0x0000003e50800000,0x0000003e50900000)]
  0x00000213b8a4d800 JavaThread "jar transforms Thread 449" [_thread_blocked, id=5792, stack(0x0000003e50900000,0x0000003e50a00000)]
  0x00000213b8bca800 JavaThread "jar transforms Thread 450" [_thread_blocked, id=7988, stack(0x0000003e50a00000,0x0000003e50b00000)]
  0x00000213b8bc8000 JavaThread "jar transforms Thread 451" [_thread_blocked, id=15336, stack(0x0000003e50b00000,0x0000003e50c00000)]
  0x00000213b8bca000 JavaThread "jar transforms Thread 452" [_thread_blocked, id=16204, stack(0x0000003e50c00000,0x0000003e50d00000)]
  0x00000213b8bc9000 JavaThread "jar transforms Thread 453" [_thread_blocked, id=132, stack(0x0000003e50d00000,0x0000003e50e00000)]
  0x00000213b8bc5000 JavaThread "jar transforms Thread 454" [_thread_blocked, id=13516, stack(0x0000003e50e00000,0x0000003e50f00000)]
  0x00000213b8bcb800 JavaThread "jar transforms Thread 455" [_thread_blocked, id=12068, stack(0x0000003e50f00000,0x0000003e51000000)]
  0x00000213b8bc5800 JavaThread "jar transforms Thread 456" [_thread_blocked, id=14660, stack(0x0000003e51000000,0x0000003e51100000)]
  0x00000213b8bd0800 JavaThread "jar transforms Thread 457" [_thread_blocked, id=12864, stack(0x0000003e51100000,0x0000003e51200000)]
  0x00000213b8bcc000 JavaThread "jar transforms Thread 458" [_thread_blocked, id=1808, stack(0x0000003e51200000,0x0000003e51300000)]
  0x00000213b8bce800 JavaThread "jar transforms Thread 459" [_thread_blocked, id=13688, stack(0x0000003e51300000,0x0000003e51400000)]
  0x00000213b8bcd000 JavaThread "jar transforms Thread 460" [_thread_blocked, id=4920, stack(0x0000003e51400000,0x0000003e51500000)]
  0x00000213b8bce000 JavaThread "jar transforms Thread 461" [_thread_blocked, id=4376, stack(0x0000003e51500000,0x0000003e51600000)]
  0x00000213b8bcf800 JavaThread "jar transforms Thread 462" [_thread_blocked, id=15148, stack(0x0000003e51600000,0x0000003e51700000)]
  0x00000213b6831000 JavaThread "jar transforms Thread 463" [_thread_blocked, id=1468, stack(0x0000003e51700000,0x0000003e51800000)]
  0x00000213b682e800 JavaThread "jar transforms Thread 464" [_thread_blocked, id=6464, stack(0x0000003e51800000,0x0000003e51900000)]
  0x00000213b682c000 JavaThread "jar transforms Thread 465" [_thread_blocked, id=7632, stack(0x0000003e51900000,0x0000003e51a00000)]
  0x00000213b6831800 JavaThread "jar transforms Thread 466" [_thread_blocked, id=15200, stack(0x0000003e51a00000,0x0000003e51b00000)]
  0x00000213b6832800 JavaThread "jar transforms Thread 467" [_thread_blocked, id=3644, stack(0x0000003e51b00000,0x0000003e51c00000)]
  0x00000213b682d000 JavaThread "jar transforms Thread 468" [_thread_blocked, id=13760, stack(0x0000003e51c00000,0x0000003e51d00000)]
  0x00000213b6833800 JavaThread "jar transforms Thread 469" [_thread_blocked, id=14016, stack(0x0000003e51d00000,0x0000003e51e00000)]
  0x00000213b6834000 JavaThread "jar transforms Thread 470" [_thread_blocked, id=14756, stack(0x0000003e51e00000,0x0000003e51f00000)]
  0x00000213b6836800 JavaThread "jar transforms Thread 471" [_thread_blocked, id=14532, stack(0x0000003e51f00000,0x0000003e52000000)]
  0x00000213b6836000 JavaThread "jar transforms Thread 472" [_thread_blocked, id=3524, stack(0x0000003e52000000,0x0000003e52100000)]
  0x00000213b6835000 JavaThread "jar transforms Thread 473" [_thread_blocked, id=1612, stack(0x0000003e52100000,0x0000003e52200000)]
  0x00000213b6837800 JavaThread "jar transforms Thread 474" [_thread_blocked, id=15532, stack(0x0000003e52200000,0x0000003e52300000)]
  0x00000213b806b000 JavaThread "jar transforms Thread 475" [_thread_blocked, id=6376, stack(0x0000003e52300000,0x0000003e52400000)]
  0x00000213b806e800 JavaThread "jar transforms Thread 476" [_thread_blocked, id=3580, stack(0x0000003e52400000,0x0000003e52500000)]
  0x00000213b8069000 JavaThread "jar transforms Thread 477" [_thread_blocked, id=6208, stack(0x0000003e52500000,0x0000003e52600000)]
  0x00000213b806f800 JavaThread "jar transforms Thread 478" [_thread_blocked, id=3496, stack(0x0000003e52600000,0x0000003e52700000)]
  0x00000213b806c000 JavaThread "jar transforms Thread 479" [_thread_blocked, id=14960, stack(0x0000003e52700000,0x0000003e52800000)]
  0x00000213b8069800 JavaThread "jar transforms Thread 480" [_thread_blocked, id=15048, stack(0x0000003e52800000,0x0000003e52900000)]
  0x00000213bf1b1800 JavaThread "jar transforms Thread 481" [_thread_blocked, id=10588, stack(0x0000003e52900000,0x0000003e52a00000)]
  0x00000213bf1b0000 JavaThread "jar transforms Thread 482" [_thread_blocked, id=3676, stack(0x0000003e52a00000,0x0000003e52b00000)]
  0x00000213bf1b6800 JavaThread "jar transforms Thread 483" [_thread_blocked, id=6600, stack(0x0000003e52b00000,0x0000003e52c00000)]
  0x00000213bf1b4000 JavaThread "jar transforms Thread 484" [_thread_blocked, id=6408, stack(0x0000003e52c00000,0x0000003e52d00000)]
  0x00000213bf1b2800 JavaThread "Cache worker for Build Output Cleanup Cache (D:\Data Kuliah\Semester 6\PPB\Download\Theatrum\.gradle\buildOutputCleanup)" [_thread_blocked, id=8988, stack(0x0000003e52d00000,0x0000003e52e00000)]
  0x00000213bf1b0800 JavaThread "Cache worker for file content cache (D:\Data Kuliah\Semester 6\PPB\Download\Theatrum\.gradle\6.5\fileContent)" [_thread_blocked, id=2908, stack(0x0000003e52e00000,0x0000003e52f00000)]
  0x00000213bf1b3000 JavaThread "Execution worker for ':'" [_thread_blocked, id=6668, stack(0x0000003e53000000,0x0000003e53100000)]
  0x00000213bf1ba800 JavaThread "Execution worker for ':' Thread 2" [_thread_blocked, id=4988, stack(0x0000003e53200000,0x0000003e53300000)]
  0x00000213bf1b9800 JavaThread "Execution worker for ':' Thread 3" [_thread_blocked, id=11576, stack(0x0000003e53300000,0x0000003e53400000)]
  0x00000213bf1b5800 JavaThread "Execution worker for ':' Thread 4" [_thread_blocked, id=13124, stack(0x0000003e53400000,0x0000003e53500000)]
  0x00000213bf1b7000 JavaThread "Execution worker for ':' Thread 5" [_thread_blocked, id=8500, stack(0x0000003e53500000,0x0000003e53600000)]
  0x00000213bf1b8000 JavaThread "Execution worker for ':' Thread 6" [_thread_blocked, id=3952, stack(0x0000003e53600000,0x0000003e53700000)]
  0x00000213bf1b4800 JavaThread "Execution worker for ':' Thread 7" [_thread_blocked, id=10812, stack(0x0000003e53700000,0x0000003e53800000)]
  0x00000213bf1bd000 JavaThread "Cache worker for execution history cache (D:\Data Kuliah\Semester 6\PPB\Download\Theatrum\.gradle\6.5\executionHistory)" [_thread_blocked, id=12312, stack(0x0000003e53800000,0x0000003e53900000)]
  0x00000213b77ab800 JavaThread "C2 CompilerThread1" daemon [_thread_blocked, id=7520, stack(0x0000003e4c800000,0x0000003e4c900000)]
  0x00000213bf1be800 JavaThread "WorkerExecutor Queue" [_thread_blocked, id=7036, stack(0x0000003e53900000,0x0000003e53a00000)]
  0x00000213bf1bc000 JavaThread "pool-7-thread-1" [_thread_blocked, id=14976, stack(0x0000003e53a00000,0x0000003e53b00000)]
  0x00000213bf1bd800 JavaThread "stderr" [_thread_in_native, id=9864, stack(0x0000003e53f00000,0x0000003e54000000)]
  0x00000213bf1c1000 JavaThread "stdout" [_thread_in_native, id=7456, stack(0x0000003e54000000,0x0000003e54100000)]

Other Threads:
=>0x00000213b5c81000 VMThread "VM Thread" [stack: 0x0000003e48500000,0x0000003e48600000] [id=11728]
  0x00000213b669e800 WatcherThread [stack: 0x0000003e48f00000,0x0000003e49000000] [id=15740]
  0x0000021394e7c800 GCTaskThread "GC Thread#0" [stack: 0x0000003e48000000,0x0000003e48100000] [id=11932]
  0x00000213b71e4800 GCTaskThread "GC Thread#1" [stack: 0x0000003e49100000,0x0000003e49200000] [id=14420]
  0x00000213b703e800 GCTaskThread "GC Thread#2" [stack: 0x0000003e49200000,0x0000003e49300000] [id=328]
  0x00000213b703f800 GCTaskThread "GC Thread#3" [stack: 0x0000003e49300000,0x0000003e49400000] [id=3104]
  0x00000213b815e800 GCTaskThread "GC Thread#4" [stack: 0x0000003e4a200000,0x0000003e4a300000] [id=2336]
  0x00000213b80a6800 GCTaskThread "GC Thread#5" [stack: 0x0000003e4a300000,0x0000003e4a400000] [id=7624]
  0x00000213b83af800 GCTaskThread "GC Thread#6" [stack: 0x0000003e4a400000,0x0000003e4a500000] [id=10308]
  0x00000213b83c4000 GCTaskThread "GC Thread#7" [stack: 0x0000003e4a500000,0x0000003e4a600000] [id=4080]
  0x0000021394eae800 ConcurrentGCThread "G1 Main Marker" [stack: 0x0000003e48100000,0x0000003e48200000] [id=16136]
  0x0000021394eb0000 ConcurrentGCThread "G1 Conc#0" [stack: 0x0000003e48200000,0x0000003e48300000] [id=11488]
  0x00000213b72fc000 ConcurrentGCThread "G1 Conc#1" [stack: 0x0000003e4a600000,0x0000003e4a700000] [id=2972]
  0x0000021394f4e800 ConcurrentGCThread "G1 Refine#0" [stack: 0x0000003e48300000,0x0000003e48400000] [id=10716]
  0x00000213c02bc000 ConcurrentGCThread "G1 Refine#1" [stack: 0x0000003e47c00000,0x0000003e47d00000] [id=4612]
  0x00000213b5ace800 ConcurrentGCThread "G1 Young RemSet Sampling" [stack: 0x0000003e48400000,0x0000003e48500000] [id=16048]

Threads with active compile tasks:
C2 CompilerThread01983086 20258       4       org.gradle.internal.execution.steps.ResolveCachingStateStep::execute (9 bytes)
C2 CompilerThread11983087 20248       4       org.gradle.api.internal.artifacts.transform.DefaultTransformerInvocationFactory$2::call (62 bytes)

VM state:at safepoint (normal execution)

VM Mutex/Monitor currently owned by a thread:  ([mutex/lock_event])
[0x0000021394e63e10] Threads_lock - owner thread: 0x00000213b5c81000
[0x0000021394e63630] Heap_lock - owner thread: 0x00000213bf1bd000

Heap address: 0x0000000080000000, size: 2048 MB, Compressed Oops mode: 32-bit
Narrow klass base: 0x0000000000000000, Narrow klass shift: 3
Compressed class space size: 1073741824 Address: 0x0000000100000000

Heap:
 garbage-first heap   total 249856K, used 120764K [0x0000000080000000, 0x0000000100000000)
  region size 1024K, 2 young (2048K), 2 survivors (2048K)
 Metaspace       used 118020K, capacity 120850K, committed 121496K, reserved 1155072K
  class space    used 14577K, capacity 15623K, committed 15948K, reserved 1048576K
Heap Regions: E=young(eden), S=young(survivor), O=old, HS=humongous(starts), HC=humongous(continues), CS=collection set, F=free, A=archive, TAMS=top-at-mark-start (previous, next)
|   0|0x0000000080000000, 0x0000000080100000, 0x0000000080100000|100%| O|  |TAMS 0x0000000080100000, 0x0000000080100000| Untracked 
|   1|0x0000000080100000, 0x0000000080200000, 0x0000000080200000|100%| O|  |TAMS 0x0000000080200000, 0x0000000080200000| Untracked 
|   2|0x0000000080200000, 0x0000000080300000, 0x0000000080300000|100%| O|  |TAMS 0x0000000080300000, 0x0000000080300000| Untracked 
|   3|0x0000000080300000, 0x0000000080400000, 0x0000000080400000|100%|HS|  |TAMS 0x0000000080400000, 0x0000000080400000| Complete 
|   4|0x0000000080400000, 0x0000000080500000, 0x0000000080500000|100%|HC|  |TAMS 0x0000000080500000, 0x0000000080500000| Complete 
|   5|0x0000000080500000, 0x0000000080600000, 0x0000000080600000|100%|HC|  |TAMS 0x0000000080600000, 0x0000000080600000| Complete 
|   6|0x0000000080600000, 0x0000000080700000, 0x0000000080700000|100%| O|  |TAMS 0x0000000080700000, 0x0000000080700000| Untracked 
|   7|0x0000000080700000, 0x0000000080800000, 0x0000000080800000|100%| O|  |TAMS 0x0000000080800000, 0x0000000080800000| Untracked 
|   8|0x0000000080800000, 0x0000000080900000, 0x0000000080900000|100%| O|  |TAMS 0x0000000080900000, 0x0000000080900000| Untracked 
|   9|0x0000000080900000, 0x0000000080a00000, 0x0000000080a00000|100%| O|  |TAMS 0x0000000080a00000, 0x0000000080a00000| Untracked 
|  10|0x0000000080a00000, 0x0000000080b00000, 0x0000000080b00000|100%| O|  |TAMS 0x0000000080b00000, 0x0000000080b00000| Untracked 
|  11|0x0000000080b00000, 0x0000000080c00000, 0x0000000080c00000|100%| O|  |TAMS 0x0000000080c00000, 0x0000000080c00000| Untracked 
|  12|0x0000000080c00000, 0x0000000080d00000, 0x0000000080d00000|100%| O|  |TAMS 0x0000000080d00000, 0x0000000080d00000| Untracked 
|  13|0x0000000080d00000, 0x0000000080e00000, 0x0000000080e00000|100%| O|  |TAMS 0x0000000080e00000, 0x0000000080e00000| Untracked 
|  14|0x0000000080e00000, 0x0000000080f00000, 0x0000000080f00000|100%| O|  |TAMS 0x0000000080f00000, 0x0000000080f00000| Untracked 
|  15|0x0000000080f00000, 0x0000000081000000, 0x0000000081000000|100%| O|  |TAMS 0x0000000081000000, 0x0000000081000000| Untracked 
|  16|0x0000000081000000, 0x0000000081100000, 0x0000000081100000|100%|HS|  |TAMS 0x0000000081100000, 0x0000000081100000| Complete 
|  17|0x0000000081100000, 0x0000000081200000, 0x0000000081200000|100%|HS|  |TAMS 0x0000000081200000, 0x0000000081200000| Complete 
|  18|0x0000000081200000, 0x0000000081300000, 0x0000000081300000|100%|HC|  |TAMS 0x0000000081300000, 0x0000000081300000| Complete 
|  19|0x0000000081300000, 0x0000000081400000, 0x0000000081400000|100%|HC|  |TAMS 0x0000000081400000, 0x0000000081400000| Complete 
|  20|0x0000000081400000, 0x0000000081500000, 0x0000000081500000|100%|HS|  |TAMS 0x0000000081500000, 0x0000000081500000| Complete 
|  21|0x0000000081500000, 0x0000000081600000, 0x0000000081600000|100%|HC|  |TAMS 0x0000000081600000, 0x0000000081600000| Complete 
|  22|0x0000000081600000, 0x0000000081700000, 0x0000000081700000|100%| O|  |TAMS 0x0000000081700000, 0x0000000081700000| Untracked 
|  23|0x0000000081700000, 0x0000000081800000, 0x0000000081800000|100%| O|  |TAMS 0x0000000081800000, 0x0000000081800000| Untracked 
|  24|0x0000000081800000, 0x0000000081900000, 0x0000000081900000|100%| O|  |TAMS 0x0000000081900000, 0x0000000081900000| Untracked 
|  25|0x0000000081900000, 0x0000000081a00000, 0x0000000081a00000|100%| O|  |TAMS 0x0000000081a00000, 0x0000000081a00000| Untracked 
|  26|0x0000000081a00000, 0x0000000081b00000, 0x0000000081b00000|100%| O|  |TAMS 0x0000000081b00000, 0x0000000081b00000| Untracked 
|  27|0x0000000081b00000, 0x0000000081c00000, 0x0000000081c00000|100%| O|  |TAMS 0x0000000081c00000, 0x0000000081c00000| Untracked 
|  28|0x0000000081c00000, 0x0000000081d00000, 0x0000000081d00000|100%| O|  |TAMS 0x0000000081d00000, 0x0000000081d00000| Untracked 
|  29|0x0000000081d00000, 0x0000000081e00000, 0x0000000081e00000|100%| O|  |TAMS 0x0000000081e00000, 0x0000000081e00000| Untracked 
|  30|0x0000000081e00000, 0x0000000081f00000, 0x0000000081f00000|100%| O|  |TAMS 0x0000000081f00000, 0x0000000081f00000| Untracked 
|  31|0x0000000081f00000, 0x0000000082000000, 0x0000000082000000|100%| O|  |TAMS 0x0000000082000000, 0x0000000082000000| Untracked 
|  32|0x0000000082000000, 0x0000000082100000, 0x0000000082100000|100%| O|  |TAMS 0x0000000082100000, 0x0000000082100000| Untracked 
|  33|0x0000000082100000, 0x0000000082200000, 0x0000000082200000|100%| O|  |TAMS 0x0000000082200000, 0x0000000082200000| Untracked 
|  34|0x0000000082200000, 0x0000000082200000, 0x0000000082300000|  0%| F|  |TAMS 0x0000000082200000, 0x0000000082200000| Untracked 
|  35|0x0000000082300000, 0x0000000082400000, 0x0000000082400000|100%|HS|  |TAMS 0x0000000082300000, 0x0000000082400000| Complete 
|  36|0x0000000082400000, 0x0000000082400000, 0x0000000082500000|  0%| F|  |TAMS 0x0000000082400000, 0x0000000082400000| Untracked 
|  37|0x0000000082500000, 0x0000000082600000, 0x0000000082600000|100%| O|  |TAMS 0x0000000082600000, 0x0000000082600000| Untracked 
|  38|0x0000000082600000, 0x0000000082700000, 0x0000000082700000|100%| O|  |TAMS 0x0000000082700000, 0x0000000082700000| Untracked 
|  39|0x0000000082700000, 0x0000000082800000, 0x0000000082800000|100%| O|  |TAMS 0x0000000082800000, 0x0000000082800000| Untracked 
|  40|0x0000000082800000, 0x0000000082900000, 0x0000000082900000|100%| O|  |TAMS 0x0000000082900000, 0x0000000082900000| Untracked 
|  41|0x0000000082900000, 0x0000000082a00000, 0x0000000082a00000|100%| O|  |TAMS 0x0000000082900000, 0x0000000082a00000| Untracked 
|  42|0x0000000082a00000, 0x0000000082b00000, 0x0000000082b00000|100%| O|  |TAMS 0x0000000082b00000, 0x0000000082b00000| Untracked 
|  43|0x0000000082b00000, 0x0000000082b00000, 0x0000000082c00000|  0%| F|  |TAMS 0x0000000082b00000, 0x0000000082b00000| Untracked 
|  44|0x0000000082c00000, 0x0000000082d00000, 0x0000000082d00000|100%| O|  |TAMS 0x0000000082c00000, 0x0000000082d00000| Untracked 
|  45|0x0000000082d00000, 0x0000000082e00000, 0x0000000082e00000|100%| O|  |TAMS 0x0000000082e00000, 0x0000000082e00000| Untracked 
|  46|0x0000000082e00000, 0x0000000082f00000, 0x0000000082f00000|100%| O|  |TAMS 0x0000000082f00000, 0x0000000082f00000| Untracked 
|  47|0x0000000082f00000, 0x0000000083000000, 0x0000000083000000|100%| O|  |TAMS 0x0000000082f00000, 0x0000000083000000| Untracked 
|  48|0x0000000083000000, 0x0000000083100000, 0x0000000083100000|100%| O|  |TAMS 0x0000000083100000, 0x0000000083100000| Untracked 
|  49|0x0000000083100000, 0x0000000083200000, 0x0000000083200000|100%| O|  |TAMS 0x0000000083200000, 0x0000000083200000| Untracked 
|  50|0x0000000083200000, 0x0000000083300000, 0x0000000083300000|100%| O|  |TAMS 0x0000000083300000, 0x0000000083300000| Untracked 
|  51|0x0000000083300000, 0x0000000083400000, 0x0000000083400000|100%| O|  |TAMS 0x0000000083300000, 0x0000000083400000| Untracked 
|  52|0x0000000083400000, 0x0000000083500000, 0x0000000083500000|100%| O|  |TAMS 0x0000000083400000, 0x0000000083500000| Untracked 
|  53|0x0000000083500000, 0x0000000083600000, 0x0000000083600000|100%| O|  |TAMS 0x0000000083500000, 0x0000000083600000| Untracked 
|  54|0x0000000083600000, 0x0000000083700000, 0x0000000083700000|100%| O|  |TAMS 0x0000000083600000, 0x0000000083700000| Untracked 
|  55|0x0000000083700000, 0x0000000083800000, 0x0000000083800000|100%| O|  |TAMS 0x0000000083800000, 0x0000000083800000| Untracked 
|  56|0x0000000083800000, 0x0000000083900000, 0x0000000083900000|100%| O|  |TAMS 0x0000000083900000, 0x0000000083900000| Untracked 
|  57|0x0000000083900000, 0x0000000083a00000, 0x0000000083a00000|100%| O|  |TAMS 0x0000000083a00000, 0x0000000083a00000| Untracked 
|  58|0x0000000083a00000, 0x0000000083ac0e00, 0x0000000083b00000| 75%| O|  |TAMS 0x0000000083a00000, 0x0000000083ac0e00| Untracked 
|  59|0x0000000083b00000, 0x0000000083c00000, 0x0000000083c00000|100%| O|  |TAMS 0x0000000083c00000, 0x0000000083c00000| Untracked 
|  60|0x0000000083c00000, 0x0000000083c00000, 0x0000000083d00000|  0%| F|  |TAMS 0x0000000083c00000, 0x0000000083c00000| Untracked 
|  61|0x0000000083d00000, 0x0000000083e00000, 0x0000000083e00000|100%| O|  |TAMS 0x0000000083e00000, 0x0000000083e00000| Untracked 
|  62|0x0000000083e00000, 0x0000000083f00000, 0x0000000083f00000|100%| O|  |TAMS 0x0000000083f00000, 0x0000000083f00000| Untracked 
|  63|0x0000000083f00000, 0x0000000084000000, 0x0000000084000000|100%| O|  |TAMS 0x0000000084000000, 0x0000000084000000| Untracked 
|  64|0x0000000084000000, 0x0000000084100000, 0x0000000084100000|100%| O|  |TAMS 0x0000000084100000, 0x0000000084100000| Untracked 
|  65|0x0000000084100000, 0x0000000084200000, 0x0000000084200000|100%| O|  |TAMS 0x0000000084200000, 0x0000000084200000| Untracked 
|  66|0x0000000084200000, 0x0000000084300000, 0x0000000084300000|100%| O|  |TAMS 0x0000000084300000, 0x0000000084300000| Untracked 
|  67|0x0000000084300000, 0x0000000084400000, 0x0000000084400000|100%| O|  |TAMS 0x0000000084400000, 0x0000000084400000| Untracked 
|  68|0x0000000084400000, 0x0000000084400000, 0x0000000084500000|  0%| F|  |TAMS 0x0000000084400000, 0x0000000084400000| Untracked 
|  69|0x0000000084500000, 0x0000000084600000, 0x0000000084600000|100%| O|  |TAMS 0x0000000084600000, 0x0000000084600000| Untracked 
|  70|0x0000000084600000, 0x0000000084700000, 0x0000000084700000|100%| O|  |TAMS 0x0000000084700000, 0x0000000084700000| Untracked 
|  71|0x0000000084700000, 0x0000000084700000, 0x0000000084800000|  0%| F|  |TAMS 0x0000000084700000, 0x0000000084700000| Untracked 
|  72|0x0000000084800000, 0x0000000084900000, 0x0000000084900000|100%| O|  |TAMS 0x0000000084900000, 0x0000000084900000| Untracked 
|  73|0x0000000084900000, 0x0000000084900000, 0x0000000084a00000|  0%| F|  |TAMS 0x0000000084900000, 0x0000000084900000| Untracked 
|  74|0x0000000084a00000, 0x0000000084a00000, 0x0000000084b00000|  0%| F|  |TAMS 0x0000000084a00000, 0x0000000084a00000| Untracked 
|  75|0x0000000084b00000, 0x0000000084c00000, 0x0000000084c00000|100%| O|  |TAMS 0x0000000084c00000, 0x0000000084c00000| Untracked 
|  76|0x0000000084c00000, 0x0000000084d00000, 0x0000000084d00000|100%| O|  |TAMS 0x0000000084d00000, 0x0000000084d00000| Untracked 
|  77|0x0000000084d00000, 0x0000000084e00000, 0x0000000084e00000|100%| O|  |TAMS 0x0000000084e00000, 0x0000000084e00000| Untracked 
|  78|0x0000000084e00000, 0x0000000084f00000, 0x0000000084f00000|100%| O|  |TAMS 0x0000000084f00000, 0x0000000084f00000| Untracked 
|  79|0x0000000084f00000, 0x0000000084f00000, 0x0000000085000000|  0%| F|  |TAMS 0x0000000084f00000, 0x0000000084f00000| Untracked 
|  80|0x0000000085000000, 0x0000000085000000, 0x0000000085100000|  0%| F|  |TAMS 0x0000000085000000, 0x0000000085000000| Untracked 
|  81|0x0000000085100000, 0x0000000085200000, 0x0000000085200000|100%| O|  |TAMS 0x0000000085200000, 0x0000000085200000| Untracked 
|  82|0x0000000085200000, 0x0000000085200000, 0x0000000085300000|  0%| F|  |TAMS 0x0000000085200000, 0x0000000085200000| Untracked 
|  83|0x0000000085300000, 0x0000000085400000, 0x0000000085400000|100%| O|  |TAMS 0x0000000085400000, 0x0000000085400000| Untracked 
|  84|0x0000000085400000, 0x0000000085500000, 0x0000000085500000|100%| O|  |TAMS 0x0000000085500000, 0x0000000085500000| Untracked 
|  85|0x0000000085500000, 0x0000000085600000, 0x0000000085600000|100%| O|  |TAMS 0x0000000085600000, 0x0000000085600000| Untracked 
|  86|0x0000000085600000, 0x0000000085700000, 0x0000000085700000|100%| O|  |TAMS 0x0000000085700000, 0x0000000085700000| Untracked 
|  87|0x0000000085700000, 0x0000000085800000, 0x0000000085800000|100%| O|  |TAMS 0x0000000085800000, 0x0000000085800000| Untracked 
|  88|0x0000000085800000, 0x0000000085900000, 0x0000000085900000|100%| O|  |TAMS 0x0000000085900000, 0x0000000085900000| Untracked 
|  89|0x0000000085900000, 0x0000000085a00000, 0x0000000085a00000|100%| O|  |TAMS 0x0000000085a00000, 0x0000000085a00000| Untracked 
|  90|0x0000000085a00000, 0x0000000085b00000, 0x0000000085b00000|100%| O|  |TAMS 0x0000000085b00000, 0x0000000085b00000| Untracked 
|  91|0x0000000085b00000, 0x0000000085c00000, 0x0000000085c00000|100%| O|  |TAMS 0x0000000085c00000, 0x0000000085c00000| Untracked 
|  92|0x0000000085c00000, 0x0000000085d00000, 0x0000000085d00000|100%| O|  |TAMS 0x0000000085c00000, 0x0000000085d00000| Untracked 
|  93|0x0000000085d00000, 0x0000000085e00000, 0x0000000085e00000|100%| O|  |TAMS 0x0000000085e00000, 0x0000000085e00000| Untracked 
|  94|0x0000000085e00000, 0x0000000085f00000, 0x0000000085f00000|100%| O|  |TAMS 0x0000000085f00000, 0x0000000085f00000| Untracked 
|  95|0x0000000085f00000, 0x0000000086000000, 0x0000000086000000|100%| O|  |TAMS 0x0000000086000000, 0x0000000086000000| Untracked 
|  96|0x0000000086000000, 0x0000000086100000, 0x0000000086100000|100%| O|  |TAMS 0x0000000086100000, 0x0000000086100000| Untracked 
|  97|0x0000000086100000, 0x0000000086200000, 0x0000000086200000|100%| O|  |TAMS 0x0000000086200000, 0x0000000086200000| Untracked 
|  98|0x0000000086200000, 0x0000000086300000, 0x0000000086300000|100%| O|  |TAMS 0x0000000086300000, 0x0000000086300000| Untracked 
|  99|0x0000000086300000, 0x0000000086300000, 0x0000000086400000|  0%| F|  |TAMS 0x0000000086300000, 0x0000000086300000| Untracked 
| 100|0x0000000086400000, 0x0000000086400000, 0x0000000086500000|  0%| F|  |TAMS 0x0000000086400000, 0x0000000086400000| Untracked 
| 101|0x0000000086500000, 0x0000000086600000, 0x0000000086600000|100%| O|  |TAMS 0x0000000086600000, 0x0000000086600000| Untracked 
| 102|0x0000000086600000, 0x0000000086700000, 0x0000000086700000|100%| O|  |TAMS 0x0000000086700000, 0x0000000086700000| Untracked 
| 103|0x0000000086700000, 0x0000000086800000, 0x0000000086800000|100%| O|  |TAMS 0x0000000086800000, 0x0000000086800000| Untracked 
| 104|0x0000000086800000, 0x0000000086900000, 0x0000000086900000|100%| O|  |TAMS 0x0000000086900000, 0x0000000086900000| Untracked 
| 105|0x0000000086900000, 0x0000000086a00000, 0x0000000086a00000|100%| O|  |TAMS 0x0000000086a00000, 0x0000000086a00000| Untracked 
| 106|0x0000000086a00000, 0x0000000086b00000, 0x0000000086b00000|100%| O|  |TAMS 0x0000000086b00000, 0x0000000086b00000| Untracked 
| 107|0x0000000086b00000, 0x0000000086c00000, 0x0000000086c00000|100%| O|  |TAMS 0x0000000086c00000, 0x0000000086c00000| Untracked 
| 108|0x0000000086c00000, 0x0000000086c00000, 0x0000000086d00000|  0%| F|  |TAMS 0x0000000086c00000, 0x0000000086c00000| Untracked 
| 109|0x0000000086d00000, 0x0000000086e00000, 0x0000000086e00000|100%| O|  |TAMS 0x0000000086e00000, 0x0000000086e00000| Untracked 
| 110|0x0000000086e00000, 0x0000000086f00000, 0x0000000086f00000|100%| O|  |TAMS 0x0000000086f00000, 0x0000000086f00000| Untracked 
| 111|0x0000000086f00000, 0x0000000086f00000, 0x0000000087000000|  0%| F|  |TAMS 0x0000000086f00000, 0x0000000086f00000| Untracked 
| 112|0x0000000087000000, 0x0000000087000000, 0x0000000087100000|  0%| F|  |TAMS 0x0000000087000000, 0x0000000087000000| Untracked 
| 113|0x0000000087100000, 0x0000000087200000, 0x0000000087200000|100%| O|  |TAMS 0x0000000087200000, 0x0000000087200000| Untracked 
| 114|0x0000000087200000, 0x0000000087300000, 0x0000000087300000|100%| O|  |TAMS 0x0000000087300000, 0x0000000087300000| Untracked 
| 115|0x0000000087300000, 0x0000000087400000, 0x0000000087400000|100%| O|  |TAMS 0x0000000087400000, 0x0000000087400000| Untracked 
| 116|0x0000000087400000, 0x0000000087500000, 0x0000000087500000|100%| O|  |TAMS 0x0000000087500000, 0x0000000087500000| Untracked 
| 117|0x0000000087500000, 0x0000000087600000, 0x0000000087600000|100%| O|  |TAMS 0x0000000087600000, 0x0000000087600000| Untracked 
| 118|0x0000000087600000, 0x0000000087700000, 0x0000000087700000|100%| O|  |TAMS 0x0000000087700000, 0x0000000087700000| Untracked 
| 119|0x0000000087700000, 0x0000000087800000, 0x0000000087800000|100%| O|  |TAMS 0x0000000087800000, 0x0000000087800000| Untracked 
| 120|0x0000000087800000, 0x0000000087800000, 0x0000000087900000|  0%| F|  |TAMS 0x0000000087800000, 0x0000000087800000| Untracked 
| 121|0x0000000087900000, 0x0000000087a00000, 0x0000000087a00000|100%| O|  |TAMS 0x0000000087a00000, 0x0000000087a00000| Untracked 
| 122|0x0000000087a00000, 0x0000000087b00000, 0x0000000087b00000|100%| O|  |TAMS 0x0000000087b00000, 0x0000000087b00000| Untracked 
| 123|0x0000000087b00000, 0x0000000087c00000, 0x0000000087c00000|100%| O|  |TAMS 0x0000000087c00000, 0x0000000087c00000| Untracked 
| 124|0x0000000087c00000, 0x0000000087d00000, 0x0000000087d00000|100%| O|  |TAMS 0x0000000087d00000, 0x0000000087d00000| Untracked 
| 125|0x0000000087d00000, 0x0000000087e00000, 0x0000000087e00000|100%| O|  |TAMS 0x0000000087d00000, 0x0000000087e00000| Untracked 
| 126|0x0000000087e00000, 0x0000000087f00000, 0x0000000087f00000|100%| O|  |TAMS 0x0000000087f00000, 0x0000000087f00000| Untracked 
| 127|0x0000000087f00000, 0x0000000088000000, 0x0000000088000000|100%| O|  |TAMS 0x0000000088000000, 0x0000000088000000| Untracked 
| 128|0x0000000088000000, 0x0000000088100000, 0x0000000088100000|100%| O|  |TAMS 0x0000000088100000, 0x0000000088100000| Untracked 
| 129|0x0000000088100000, 0x0000000088100000, 0x0000000088200000|  0%| F|  |TAMS 0x0000000088100000, 0x0000000088100000| Untracked 
| 130|0x0000000088200000, 0x0000000088200000, 0x0000000088300000|  0%| F|  |TAMS 0x0000000088200000, 0x0000000088200000| Untracked 
| 131|0x0000000088300000, 0x0000000088300000, 0x0000000088400000|  0%| F|  |TAMS 0x0000000088300000, 0x0000000088300000| Untracked 
| 132|0x0000000088400000, 0x0000000088400000, 0x0000000088500000|  0%| F|  |TAMS 0x0000000088400000, 0x0000000088400000| Untracked 
| 133|0x0000000088500000, 0x0000000088500000, 0x0000000088600000|  0%| F|  |TAMS 0x0000000088500000, 0x0000000088500000| Untracked 
| 134|0x0000000088600000, 0x0000000088700000, 0x0000000088700000|100%| O|  |TAMS 0x0000000088600000, 0x0000000088700000| Untracked 
| 135|0x0000000088700000, 0x0000000088800000, 0x0000000088800000|100%| O|  |TAMS 0x0000000088700000, 0x0000000088800000| Untracked 
| 136|0x0000000088800000, 0x0000000088900000, 0x0000000088900000|100%| O|  |TAMS 0x0000000088900000, 0x0000000088900000| Untracked 
| 137|0x0000000088900000, 0x0000000088a00000, 0x0000000088a00000|100%| O|  |TAMS 0x00000000889cb600, 0x0000000088a00000| Untracked 
| 138|0x0000000088a00000, 0x0000000088a00000, 0x0000000088b00000|  0%| F|  |TAMS 0x0000000088a00000, 0x0000000088a00000| Untracked 
| 139|0x0000000088b00000, 0x0000000088b00000, 0x0000000088c00000|  0%| F|  |TAMS 0x0000000088b00000, 0x0000000088b00000| Untracked 
| 140|0x0000000088c00000, 0x0000000088c00000, 0x0000000088d00000|  0%| F|  |TAMS 0x0000000088c00000, 0x0000000088c00000| Untracked 
| 141|0x0000000088d00000, 0x0000000088d00000, 0x0000000088e00000|  0%| F|  |TAMS 0x0000000088d00000, 0x0000000088d00000| Untracked 
| 142|0x0000000088e00000, 0x0000000088e00000, 0x0000000088f00000|  0%| F|  |TAMS 0x0000000088e00000, 0x0000000088e00000| Untracked 
| 143|0x0000000088f00000, 0x0000000089000000, 0x0000000089000000|100%| O|  |TAMS 0x0000000089000000, 0x0000000089000000| Untracked 
| 144|0x0000000089000000, 0x0000000089000000, 0x0000000089100000|  0%| F|  |TAMS 0x0000000089000000, 0x0000000089000000| Untracked 
| 145|0x0000000089100000, 0x0000000089100000, 0x0000000089200000|  0%| F|  |TAMS 0x0000000089100000, 0x0000000089100000| Untracked 
| 146|0x0000000089200000, 0x0000000089200000, 0x0000000089300000|  0%| F|  |TAMS 0x0000000089200000, 0x0000000089200000| Untracked 
| 147|0x0000000089300000, 0x0000000089300000, 0x0000000089400000|  0%| F|  |TAMS 0x0000000089300000, 0x0000000089300000| Untracked 
| 148|0x0000000089400000, 0x0000000089400000, 0x0000000089500000|  0%| F|  |TAMS 0x0000000089400000, 0x0000000089400000| Untracked 
| 149|0x0000000089500000, 0x0000000089500000, 0x0000000089600000|  0%| F|  |TAMS 0x0000000089500000, 0x0000000089500000| Untracked 
| 150|0x0000000089600000, 0x0000000089600000, 0x0000000089700000|  0%| F|  |TAMS 0x0000000089600000, 0x0000000089600000| Untracked 
| 151|0x0000000089700000, 0x0000000089700000, 0x0000000089800000|  0%| F|  |TAMS 0x0000000089700000, 0x0000000089700000| Untracked 
| 152|0x0000000089800000, 0x0000000089800000, 0x0000000089900000|  0%| F|  |TAMS 0x0000000089800000, 0x0000000089800000| Untracked 
| 153|0x0000000089900000, 0x0000000089900000, 0x0000000089a00000|  0%| F|  |TAMS 0x0000000089900000, 0x0000000089900000| Untracked 
| 154|0x0000000089a00000, 0x0000000089a00000, 0x0000000089b00000|  0%| F|  |TAMS 0x0000000089a00000, 0x0000000089a00000| Untracked 
| 155|0x0000000089b00000, 0x0000000089b00000, 0x0000000089c00000|  0%| F|  |TAMS 0x0000000089b00000, 0x0000000089b00000| Untracked 
| 156|0x0000000089c00000, 0x0000000089c00000, 0x0000000089d00000|  0%| F|  |TAMS 0x0000000089c00000, 0x0000000089c00000| Untracked 
| 157|0x0000000089d00000, 0x0000000089d00000, 0x0000000089e00000|  0%| F|  |TAMS 0x0000000089d00000, 0x0000000089d00000| Untracked 
| 158|0x0000000089e00000, 0x0000000089e00000, 0x0000000089f00000|  0%| F|  |TAMS 0x0000000089e00000, 0x0000000089e00000| Untracked 
| 159|0x0000000089f00000, 0x0000000089f00000, 0x000000008a000000|  0%| F|  |TAMS 0x0000000089f00000, 0x0000000089f00000| Untracked 
| 160|0x000000008a000000, 0x000000008a000000, 0x000000008a100000|  0%| F|  |TAMS 0x000000008a000000, 0x000000008a000000| Untracked 
| 161|0x000000008a100000, 0x000000008a100000, 0x000000008a200000|  0%| F|  |TAMS 0x000000008a100000, 0x000000008a100000| Untracked 
| 162|0x000000008a200000, 0x000000008a200000, 0x000000008a300000|  0%| F|  |TAMS 0x000000008a200000, 0x000000008a200000| Untracked 
| 163|0x000000008a300000, 0x000000008a300000, 0x000000008a400000|  0%| F|  |TAMS 0x000000008a300000, 0x000000008a300000| Untracked 
| 164|0x000000008a400000, 0x000000008a400000, 0x000000008a500000|  0%| F|  |TAMS 0x000000008a400000, 0x000000008a400000| Untracked 
| 165|0x000000008a500000, 0x000000008a500000, 0x000000008a600000|  0%| F|  |TAMS 0x000000008a500000, 0x000000008a500000| Untracked 
| 166|0x000000008a600000, 0x000000008a600000, 0x000000008a700000|  0%| F|  |TAMS 0x000000008a600000, 0x000000008a600000| Untracked 
| 167|0x000000008a700000, 0x000000008a700000, 0x000000008a800000|  0%| F|  |TAMS 0x000000008a700000, 0x000000008a700000| Untracked 
| 168|0x000000008a800000, 0x000000008a800000, 0x000000008a900000|  0%| F|  |TAMS 0x000000008a800000, 0x000000008a800000| Untracked 
| 169|0x000000008a900000, 0x000000008a900000, 0x000000008aa00000|  0%| F|  |TAMS 0x000000008a900000, 0x000000008a900000| Untracked 
| 170|0x000000008aa00000, 0x000000008aa00000, 0x000000008ab00000|  0%| F|  |TAMS 0x000000008aa00000, 0x000000008aa00000| Untracked 
| 171|0x000000008ab00000, 0x000000008ab00000, 0x000000008ac00000|  0%| F|  |TAMS 0x000000008ab00000, 0x000000008ab00000| Untracked 
| 172|0x000000008ac00000, 0x000000008ac00000, 0x000000008ad00000|  0%| F|  |TAMS 0x000000008ac00000, 0x000000008ac00000| Untracked 
| 173|0x000000008ad00000, 0x000000008ad00000, 0x000000008ae00000|  0%| F|  |TAMS 0x000000008ad00000, 0x000000008ad00000| Untracked 
| 174|0x000000008ae00000, 0x000000008ae00000, 0x000000008af00000|  0%| F|  |TAMS 0x000000008ae00000, 0x000000008ae00000| Untracked 
| 175|0x000000008af00000, 0x000000008af00000, 0x000000008b000000|  0%| F|  |TAMS 0x000000008af00000, 0x000000008af00000| Untracked 
| 176|0x000000008b000000, 0x000000008b000000, 0x000000008b100000|  0%| F|  |TAMS 0x000000008b000000, 0x000000008b000000| Untracked 
| 177|0x000000008b100000, 0x000000008b100000, 0x000000008b200000|  0%| F|  |TAMS 0x000000008b100000, 0x000000008b100000| Untracked 
| 178|0x000000008b200000, 0x000000008b200000, 0x000000008b300000|  0%| F|  |TAMS 0x000000008b200000, 0x000000008b200000| Untracked 
| 179|0x000000008b300000, 0x000000008b300000, 0x000000008b400000|  0%| F|  |TAMS 0x000000008b300000, 0x000000008b300000| Untracked 
| 180|0x000000008b400000, 0x000000008b400000, 0x000000008b500000|  0%| F|  |TAMS 0x000000008b400000, 0x000000008b400000| Untracked 
| 181|0x000000008b500000, 0x000000008b500000, 0x000000008b600000|  0%| F|  |TAMS 0x000000008b500000, 0x000000008b500000| Untracked 
| 182|0x000000008b600000, 0x000000008b600000, 0x000000008b700000|  0%| F|  |TAMS 0x000000008b600000, 0x000000008b600000| Untracked 
| 183|0x000000008b700000, 0x000000008b700000, 0x000000008b800000|  0%| F|  |TAMS 0x000000008b700000, 0x000000008b700000| Untracked 
| 184|0x000000008b800000, 0x000000008b800000, 0x000000008b900000|  0%| F|  |TAMS 0x000000008b800000, 0x000000008b800000| Untracked 
| 185|0x000000008b900000, 0x000000008b92e488, 0x000000008ba00000| 18%| S|CS|TAMS 0x000000008b900000, 0x000000008b900000| Complete 
| 186|0x000000008ba00000, 0x000000008bb00000, 0x000000008bb00000|100%| S|CS|TAMS 0x000000008ba00000, 0x000000008ba00000| Complete 
| 187|0x000000008bb00000, 0x000000008bb00000, 0x000000008bc00000|  0%| F|  |TAMS 0x000000008bb00000, 0x000000008bb00000| Untracked 
| 188|0x000000008bc00000, 0x000000008bc00000, 0x000000008bd00000|  0%| F|  |TAMS 0x000000008bc00000, 0x000000008bc00000| Untracked 
| 189|0x000000008bd00000, 0x000000008bd00000, 0x000000008be00000|  0%| F|  |TAMS 0x000000008bd00000, 0x000000008bd00000| Untracked 
| 190|0x000000008be00000, 0x000000008be00000, 0x000000008bf00000|  0%| F|  |TAMS 0x000000008be00000, 0x000000008be00000| Untracked 
| 191|0x000000008bf00000, 0x000000008bf00000, 0x000000008c000000|  0%| F|  |TAMS 0x000000008bf00000, 0x000000008bf00000| Untracked 

Card table byte_map: [0x00000213ae980000,0x00000213aed80000] _byte_map_base: 0x00000213ae580000

Marking Bits (Prev, Next): (CMBitMap*) 0x0000021394ea5dc8, (CMBitMap*) 0x0000021394ea5e00
 Prev Bits: [0x00000213af180000, 0x00000213b1180000)
 Next Bits: [0x00000213b1180000, 0x00000213b3180000)

Polling page: 0x0000021394f50000

Metaspace:

Usage:
  Non-class:    102.76 MB capacity,   101.02 MB ( 98%) used,     1.41 MB (  1%) free+waste,   342.50 KB ( <1%) overhead. 
      Class:     15.26 MB capacity,    14.24 MB ( 93%) used,   895.45 KB (  6%) free+waste,   150.13 KB ( <1%) overhead. 
       Both:    118.02 MB capacity,   115.25 MB ( 98%) used,     2.28 MB (  2%) free+waste,   492.63 KB ( <1%) overhead. 

Virtual space:
  Non-class space:      104.00 MB reserved,     103.07 MB (>99%) committed 
      Class space:        1.00 GB reserved,      15.57 MB (  2%) committed 
             Both:        1.10 GB reserved,     118.65 MB ( 11%) committed 

Chunk freelists:
   Non-Class:  32.13 KB
       Class:  27.13 KB
        Both:  59.25 KB

CodeHeap 'non-profiled nmethods': size=120000Kb used=14712Kb max_used=14712Kb free=105287Kb
 bounds [0x00000213a65f0000, 0x00000213a7450000, 0x00000213adb20000]
CodeHeap 'profiled nmethods': size=120000Kb used=40280Kb max_used=40280Kb free=79719Kb
 bounds [0x000002139f0c0000, 0x00000213a1830000, 0x00000213a65f0000]
CodeHeap 'non-nmethods': size=5760Kb used=2358Kb max_used=2416Kb free=3401Kb
 bounds [0x000002139eb20000, 0x000002139ed90000, 0x000002139f0c0000]
 total_blobs=19456 nmethods=18475 adapters=889
 compilation: enabled
              stopped_count=0, restarted_count=0
 full_count=0

Compilation events (10 events):
Event: 1983.029 Thread 0x00000213b64ea000 20255       2       org.gradle.internal.execution.steps.CaptureStateBeforeExecutionStep$1::<init> (20 bytes)
Event: 1983.029 Thread 0x00000213b64ea000 nmethod 20255 0x00000213a1829710 code [0x00000213a18298c0, 0x00000213a1829ad8]
Event: 1983.030 Thread 0x00000213b64e6000 nmethod 20254 0x00000213a744d610 code [0x00000213a744d7a0, 0x00000213a744d878]
Event: 1983.030 Thread 0x00000213b64e6000 20253       4       com.google.protobuf.GeneratedMessageV3$Builder::onChanged (29 bytes)
Event: 1983.032 Thread 0x00000213b64e6000 nmethod 20253 0x00000213a744d910 code [0x00000213a744daa0, 0x00000213a744db68]
Event: 1983.036 Thread 0x00000213b64e6000 20256       4       org.gradle.cache.internal.DefaultCacheAccess::withFileLock (9 bytes)
Event: 1983.037 Thread 0x00000213b64e6000 nmethod 20256 0x00000213a744dc90 code [0x00000213a744de20, 0x00000213a744dee8]
Event: 1983.038 Thread 0x00000213b64e6000 20257       4       org.gradle.internal.execution.steps.CaptureStateBeforeExecutionStep$ImplementationsBuilder::visitImplementation (23 bytes)
Event: 1983.039 Thread 0x00000213b64e6000 nmethod 20257 0x00000213a744e010 code [0x00000213a744e1a0, 0x00000213a744e2f8]
Event: 1983.040 Thread 0x00000213b64e6000 20258       4       org.gradle.internal.execution.steps.ResolveCachingStateStep::execute (9 bytes)

GC Heap History (10 events):
Event: 1982.276 GC heap after
{Heap after GC invocations=96 (full 0):
 garbage-first heap   total 196608K, used 137622K [0x0000000080000000, 0x0000000100000000)
  region size 1024K, 2 young (2048K), 2 survivors (2048K)
 Metaspace       used 117957K, capacity 120829K, committed 121496K, reserved 1155072K
  class space    used 14567K, capacity 15617K, committed 15948K, reserved 1048576K
}
Event: 1982.420 GC heap before
{Heap before GC invocations=96 (full 0):
 garbage-first heap   total 196608K, used 160150K [0x0000000080000000, 0x0000000100000000)
  region size 1024K, 25 young (25600K), 2 survivors (2048K)
 Metaspace       used 117972K, capacity 120829K, committed 121496K, reserved 1155072K
  class space    used 14570K, capacity 15617K, committed 15948K, reserved 1048576K
}
Event: 1982.423 GC heap after
{Heap after GC invocations=97 (full 0):
 garbage-first heap   total 196608K, used 138644K [0x0000000080000000, 0x0000000100000000)
  region size 1024K, 3 young (3072K), 3 survivors (3072K)
 Metaspace       used 117972K, capacity 120829K, committed 121496K, reserved 1155072K
  class space    used 14570K, capacity 15617K, committed 15948K, reserved 1048576K
}
Event: 1982.785 GC heap before
{Heap before GC invocations=98 (full 0):
 garbage-first heap   total 196608K, used 161172K [0x0000000080000000, 0x0000000100000000)
  region size 1024K, 26 young (26624K), 3 survivors (3072K)
 Metaspace       used 118010K, capacity 120838K, committed 121496K, reserved 1155072K
  class space    used 14574K, capacity 15619K, committed 15948K, reserved 1048576K
}
Event: 1982.794 GC heap after
{Heap after GC invocations=99 (full 0):
 garbage-first heap   total 196608K, used 138970K [0x0000000080000000, 0x0000000100000000)
  region size 1024K, 3 young (3072K), 3 survivors (3072K)
 Metaspace       used 118010K, capacity 120838K, committed 121496K, reserved 1155072K
  class space    used 14574K, capacity 15619K, committed 15948K, reserved 1048576K
}
Event: 1982.813 GC heap before
{Heap before GC invocations=99 (full 0):
 garbage-first heap   total 196608K, used 144090K [0x0000000080000000, 0x0000000100000000)
  region size 1024K, 9 young (9216K), 3 survivors (3072K)
 Metaspace       used 118010K, capacity 120838K, committed 121496K, reserved 1155072K
  class space    used 14574K, capacity 15619K, committed 15948K, reserved 1048576K
}
Event: 1982.824 GC heap after
{Heap after GC invocations=100 (full 0):
 garbage-first heap   total 196608K, used 123095K [0x0000000080000000, 0x0000000100000000)
  region size 1024K, 1 young (1024K), 1 survivors (1024K)
 Metaspace       used 118010K, capacity 120838K, committed 121496K, reserved 1155072K
  class space    used 14574K, capacity 15619K, committed 15948K, reserved 1048576K
}
Event: 1983.011 GC heap before
{Heap before GC invocations=100 (full 0):
 garbage-first heap   total 196608K, used 131287K [0x0000000080000000, 0x0000000100000000)
  region size 1024K, 9 young (9216K), 1 survivors (1024K)
 Metaspace       used 118018K, capacity 120850K, committed 121496K, reserved 1155072K
  class space    used 14576K, capacity 15623K, committed 15948K, reserved 1048576K
}
Event: 1983.020 GC heap after
{Heap after GC invocations=101 (full 0):
 garbage-first heap   total 196608K, used 120679K [0x0000000080000000, 0x0000000100000000)
  region size 1024K, 2 young (2048K), 2 survivors (2048K)
 Metaspace       used 118018K, capacity 120850K, committed 121496K, reserved 1155072K
  class space    used 14576K, capacity 15623K, committed 15948K, reserved 1048576K
}
Event: 1983.045 GC heap before
{Heap before GC invocations=101 (full 0):
 garbage-first heap   total 196608K, used 124775K [0x0000000080000000, 0x0000000100000000)
  region size 1024K, 7 young (7168K), 2 survivors (2048K)
 Metaspace       used 118020K, capacity 120850K, committed 121496K, reserved 1155072K
  class space    used 14577K, capacity 15623K, committed 15948K, reserved 1048576K
}

Deoptimization events (10 events):
Event: 1981.851 Thread 0x00000213bf1b5800 Uncommon trap: reason=unstable_if action=reinterpret pc=0x00000213a66332f8 method=java.lang.String.lastIndexOf(II)I @ 4 c2
Event: 1981.899 Thread 0x00000213bf1b5800 Uncommon trap: reason=unstable_if action=reinterpret pc=0x00000213a73fea88 method=com.android.utils.XmlUtils.toXmlAttributeValue(Ljava/lang/String;)Ljava/lang/String; @ 27 c2
Event: 1981.977 Thread 0x00000213bf1b5800 Uncommon trap: reason=unstable_if action=reinterpret pc=0x00000213a6606378 method=java.lang.String.getChars(II[CI)V @ 23 c2
Event: 1982.028 Thread 0x00000213bf1b5800 Uncommon trap: reason=unstable_if action=reinterpret pc=0x00000213a66e4834 method=java.lang.ref.SoftReference.get()Ljava/lang/Object; @ 6 c2
Event: 1982.028 Thread 0x00000213bf1b5800 Uncommon trap: reason=unstable_if action=reinterpret pc=0x00000213a6b04b64 method=java.util.concurrent.ConcurrentHashMap.replaceNode(Ljava/lang/Object;Ljava/lang/Object;Ljava/lang/Object;)Ljava/lang/Object; @ 136 c2
Event: 1982.129 Thread 0x00000213bf1b9800 Uncommon trap: reason=unstable_if action=reinterpret pc=0x00000213a6bf8ae0 method=org.gradle.internal.snapshot.PathUtil.equalChars(CCLorg/gradle/internal/snapshot/CaseSensitivity;)Z @ 40 c2
Event: 1982.129 Thread 0x00000213bf1b9800 Uncommon trap: reason=unstable_if action=reinterpret pc=0x00000213a67f2678 method=org.gradle.internal.snapshot.PathUtil.equalChars(CCLorg/gradle/internal/snapshot/CaseSensitivity;)Z @ 40 c2
Event: 1982.514 Thread 0x00000213c0617800 Uncommon trap: reason=unstable_if action=reinterpret pc=0x00000213a72ab918 method=org.gradle.internal.operations.DefaultBuildOperationQueue$WorkerRunnable.waitForNextOperation()Lorg/gradle/internal/operations/BuildOperation; @ 35 c2
Event: 1982.518 Thread 0x00000213c0611000 Uncommon trap: reason=unstable_if action=reinterpret pc=0x00000213a72ab918 method=org.gradle.internal.operations.DefaultBuildOperationQueue$WorkerRunnable.waitForNextOperation()Lorg/gradle/internal/operations/BuildOperation; @ 35 c2
Event: 1982.519 Thread 0x00000213c060f800 Uncommon trap: reason=unstable_if action=reinterpret pc=0x00000213a729a634 method=org.gradle.internal.operations.DefaultBuildOperationQueue$WorkerRunnable.waitForNextOperation()Lorg/gradle/internal/operations/BuildOperation; @ 35 c2

Classes redefined (0 events):
No events

Internal exceptions (10 events):
Event: 1980.143 Thread 0x00000213c060e800 Exception <a 'sun/nio/fs/WindowsException'{0x000000008b394608}> (0x000000008b394608) thrown at [./open/src/hotspot/share/prims/jni.cpp, line 611]
Event: 1980.691 Thread 0x00000213bf1b5800 Implicit null exception at 0x00000213a68d18f0 to 0x00000213a68d1f24
Event: 1980.691 Thread 0x00000213bf1b5800 Implicit null exception at 0x00000213a6725a07 to 0x00000213a6725b88
Event: 1981.240 Thread 0x00000213bf1b5800 Implicit null exception at 0x00000213a6838efe to 0x00000213a683b634
Event: 1981.306 Thread 0x00000213bf1b5800 Implicit null exception at 0x00000213a68cece4 to 0x00000213a68ceedc
Event: 1981.803 Thread 0x00000213bf1b5800 Implicit null exception at 0x00000213a73dfbf7 to 0x00000213a73dfc78
Event: 1982.025 Thread 0x00000213bf1b5800 Exception <a 'java/lang/NoSuchMethodError'{0x000000008bef4c68}: static Lcom/android/build/gradle/internal/res/Aapt2CompileRunnable$Params;.<clinit>()V> (0x000000008bef4c68) thrown at [./open/src/hotspot/share/prims/jni.cpp, line 1362]
Event: 1982.026 Thread 0x00000213bf1b5800 Exception <a 'java/lang/NoSuchMethodError'{0x000000008bd04d98}: static Lcom/android/build/gradle/internal/services/Aapt2DaemonServiceKey;.<clinit>()V> (0x000000008bd04d98) thrown at [./open/src/hotspot/share/prims/jni.cpp, line 1362]
Event: 1982.028 Thread 0x00000213bf1b5800 Exception <a 'java/lang/NoSuchMethodError'{0x000000008bd16fc8}: static Lcom/android/ide/common/resources/CompileResourceRequest;.<clinit>()V> (0x000000008bd16fc8) thrown at [./open/src/hotspot/share/prims/jni.cpp, line 1362]
Event: 1982.028 Thread 0x00000213bf1b5800 Implicit null exception at 0x00000213a66e2b21 to 0x00000213a66e4818

Events (10 events):
Event: 1982.539 Executing VM operation: CGC_Operation done
Event: 1982.784 Executing VM operation: G1CollectForAllocation
Event: 1982.794 Executing VM operation: G1CollectForAllocation done
Event: 1982.813 Executing VM operation: G1CollectForAllocation
Event: 1982.824 Executing VM operation: G1CollectForAllocation done
Event: 1983.010 Executing VM operation: G1CollectForAllocation
Event: 1983.020 Executing VM operation: G1CollectForAllocation done
Event: 1983.043 loading class org/gradle/internal/fingerprint/overlap/OverlappingOutputs
Event: 1983.043 loading class org/gradle/internal/fingerprint/overlap/OverlappingOutputs done
Event: 1983.044 Executing VM operation: G1CollectForAllocation


Dynamic libraries:
0x00007ff619890000 - 0x00007ff61989f000 	C:\Program Files\Java\jdk-11.0.10\bin\java.exe
0x00007fffcdff0000 - 0x00007fffce1e5000 	C:\Windows\SYSTEM32\ntdll.dll
0x00007fffcc2c0000 - 0x00007fffcc37d000 	C:\Windows\System32\KERNEL32.DLL
0x00007fffcb730000 - 0x00007fffcb9f8000 	C:\Windows\System32\KERNELBASE.dll
0x00007fffcbd20000 - 0x00007fffcbe20000 	C:\Windows\System32\ucrtbase.dll
0x00007fffa9320000 - 0x00007fffa9335000 	C:\Program Files\Java\jdk-11.0.10\bin\VCRUNTIME140.dll
0x00007fffa6790000 - 0x00007fffa67a8000 	C:\Program Files\Java\jdk-11.0.10\bin\jli.dll
0x00007fffcc050000 - 0x00007fffcc0fc000 	C:\Windows\System32\ADVAPI32.dll
0x00007fffccad0000 - 0x00007fffccb6e000 	C:\Windows\System32\msvcrt.dll
0x00007fffcdd60000 - 0x00007fffcddfb000 	C:\Windows\System32\sechost.dll
0x00007fffcc530000 - 0x00007fffcc65b000 	C:\Windows\System32\RPCRT4.dll
0x00007fffcc380000 - 0x00007fffcc520000 	C:\Windows\System32\USER32.dll
0x00007fffb3270000 - 0x00007fffb350a000 	C:\Windows\WinSxS\amd64_microsoft.windows.common-controls_6595b64144ccf1df_6.0.19041.844_none_ca00b6081b84eb1d\COMCTL32.dll
0x00007fffcbae0000 - 0x00007fffcbb02000 	C:\Windows\System32\win32u.dll
0x00007fffcc660000 - 0x00007fffcc68a000 	C:\Windows\System32\GDI32.dll
0x00007fffcbf40000 - 0x00007fffcc04b000 	C:\Windows\System32\gdi32full.dll
0x00007fffcbe20000 - 0x00007fffcbebd000 	C:\Windows\System32\msvcp_win.dll
0x00007fffc4e30000 - 0x00007fffc4e3a000 	C:\Windows\SYSTEM32\VERSION.dll
0x00007fffcd170000 - 0x00007fffcd1a0000 	C:\Windows\System32\IMM32.DLL
0x00007fff96b00000 - 0x00007fff96b9b000 	C:\Program Files\Java\jdk-11.0.10\bin\msvcp140.dll
0x00007fff7ddc0000 - 0x00007fff7e8bb000 	C:\Program Files\Java\jdk-11.0.10\bin\server\jvm.dll
0x00007fffcc9f0000 - 0x00007fffcc9f8000 	C:\Windows\System32\PSAPI.DLL
0x00007fffb97d0000 - 0x00007fffb97f7000 	C:\Windows\SYSTEM32\WINMM.dll
0x00007fffb9fe0000 - 0x00007fffb9fe9000 	C:\Windows\SYSTEM32\WSOCK32.dll
0x00007fffcca00000 - 0x00007fffcca6b000 	C:\Windows\System32\WS2_32.dll
0x00007fffca050000 - 0x00007fffca062000 	C:\Windows\SYSTEM32\kernel.appcore.dll
0x00007fffc35e0000 - 0x00007fffc35f0000 	C:\Program Files\Java\jdk-11.0.10\bin\verify.dll
0x00007fffc9520000 - 0x00007fffc9704000 	C:\Windows\SYSTEM32\DBGHELP.DLL
0x00007fffb92f0000 - 0x00007fffb931c000 	C:\Windows\SYSTEM32\dbgcore.DLL
0x00007fffcba00000 - 0x00007fffcba80000 	C:\Windows\System32\bcryptPrimitives.dll
0x00007fffa38e0000 - 0x00007fffa3908000 	C:\Program Files\Java\jdk-11.0.10\bin\java.dll
0x00007fffb9b20000 - 0x00007fffb9b2a000 	C:\Program Files\Java\jdk-11.0.10\bin\jimage.dll
0x00007fffa56e0000 - 0x00007fffa56f6000 	C:\Program Files\Java\jdk-11.0.10\bin\zip.dll
0x00007fffcd590000 - 0x00007fffcdcd2000 	C:\Windows\System32\SHELL32.dll
0x00007fffc9710000 - 0x00007fffc9ea1000 	C:\Windows\SYSTEM32\windows.storage.dll
0x00007fffcc690000 - 0x00007fffcc9e5000 	C:\Windows\System32\combase.dll
0x00007fffcb1a0000 - 0x00007fffcb1cc000 	C:\Windows\SYSTEM32\Wldp.dll
0x00007fffcd420000 - 0x00007fffcd4ce000 	C:\Windows\System32\SHCORE.dll
0x00007fffcd4d0000 - 0x00007fffcd525000 	C:\Windows\System32\shlwapi.dll
0x00007fffcb670000 - 0x00007fffcb68f000 	C:\Windows\SYSTEM32\profapi.dll
0x00007fffa5350000 - 0x00007fffa5369000 	C:\Program Files\Java\jdk-11.0.10\bin\net.dll
0x00007fffc0f40000 - 0x00007fffc104b000 	C:\Windows\SYSTEM32\WINHTTP.dll
0x00007fffcaf10000 - 0x00007fffcaf7a000 	C:\Windows\system32\mswsock.dll
0x00007fffa52e0000 - 0x00007fffa52f2000 	C:\Program Files\Java\jdk-11.0.10\bin\nio.dll
0x00007fffa51e0000 - 0x00007fffa5207000 	C:\Users\USER\.gradle\native\f6784746aeab05261644944871eae4fe03e0ef1612fff0a4a95f87b438bc6780\windows-amd64\native-platform.dll
0x00007fffb8840000 - 0x00007fffb8849000 	C:\Program Files\Java\jdk-11.0.10\bin\management.dll
0x00007fffb0600000 - 0x00007fffb060b000 	C:\Program Files\Java\jdk-11.0.10\bin\management_ext.dll
0x00007fffcb0e0000 - 0x00007fffcb0f8000 	C:\Windows\SYSTEM32\CRYPTSP.dll
0x00007fffca840000 - 0x00007fffca874000 	C:\Windows\system32\rsaenh.dll
0x00007fffcbf10000 - 0x00007fffcbf37000 	C:\Windows\System32\bcrypt.dll
0x00007fffcb630000 - 0x00007fffcb65e000 	C:\Windows\SYSTEM32\USERENV.dll
0x00007fffcb100000 - 0x00007fffcb10c000 	C:\Windows\SYSTEM32\CRYPTBASE.dll
0x00007fffcabb0000 - 0x00007fffcabeb000 	C:\Windows\SYSTEM32\IPHLPAPI.DLL
0x00007fffcd3f0000 - 0x00007fffcd3f8000 	C:\Windows\System32\NSI.dll
0x00007fffc33f0000 - 0x00007fffc3407000 	C:\Windows\SYSTEM32\dhcpcsvc6.DLL
0x00007fffc4680000 - 0x00007fffc469d000 	C:\Windows\SYSTEM32\dhcpcsvc.DLL
0x00007fffcabf0000 - 0x00007fffcacbc000 	C:\Windows\SYSTEM32\DNSAPI.dll
0x00007fffc4410000 - 0x00007fffc441b000 	C:\Windows\SYSTEM32\WINNSI.DLL
0x00007fffa5000000 - 0x00007fffa501e000 	C:\Users\USER\AppData\Local\Temp\native-platform11319661330487470905dir\native-platform.dll
0x00007fffb0300000 - 0x00007fffb0307000 	C:\Program Files\Java\jdk-11.0.10\bin\rmi.dll

dbghelp: loaded successfully - version: 4.0.5 - missing functions: none
symbol engine: initialized successfully - sym options: 0x614 - pdb path: .;C:\Program Files\Java\jdk-11.0.10\bin;C:\Windows\SYSTEM32;C:\Windows\WinSxS\amd64_microsoft.windows.common-controls_6595b64144ccf1df_6.0.19041.844_none_ca00b6081b84eb1d;C:\Program Files\Java\jdk-11.0.10\bin\server;C:\Users\USER\.gradle\native\f6784746aeab05261644944871eae4fe03e0ef1612fff0a4a95f87b438bc6780\windows-amd64;C:\Users\USER\AppData\Local\Temp\native-platform11319661330487470905dir

VM Arguments:
jvm_args: --add-opens=java.base/java.util=ALL-UNNAMED --add-opens=java.base/java.lang=ALL-UNNAMED --add-opens=java.base/java.lang.invoke=ALL-UNNAMED --add-opens=java.prefs/java.util.prefs=ALL-UNNAMED -Xmx2048m -Dfile.encoding=UTF-8 -Duser.country=ID -Duser.language=en -Duser.variant 
java_command: org.gradle.launcher.daemon.bootstrap.GradleDaemon 6.5
java_class_path (initial): C:\Users\USER\.gradle\wrapper\dists\gradle-6.5-all\2oz4ud9k3tuxjg84bbf55q0tn\gradle-6.5\lib\gradle-launcher-6.5.jar
Launcher Type: SUN_STANDARD

[Global flags]
     intx CICompilerCount                          = 4                                         {product} {ergonomic}
     uint ConcGCThreads                            = 2                                         {product} {ergonomic}
     uint G1ConcRefinementThreads                  = 8                                         {product} {ergonomic}
   size_t G1HeapRegionSize                         = 1048576                                   {product} {ergonomic}
    uintx GCDrainStackTargetSize                   = 64                                        {product} {ergonomic}
   size_t InitialHeapSize                          = 201326592                                 {product} {ergonomic}
   size_t MarkStackSize                            = 4194304                                   {product} {ergonomic}
   size_t MaxHeapSize                              = 2147483648                                {product} {command line}
   size_t MaxNewSize                               = 1287651328                                {product} {ergonomic}
   size_t MinHeapDeltaBytes                        = 1048576                                   {product} {ergonomic}
    uintx NonNMethodCodeHeapSize                   = 5836300                                {pd product} {ergonomic}
    uintx NonProfiledCodeHeapSize                  = 122910970                              {pd product} {ergonomic}
    uintx ProfiledCodeHeapSize                     = 122910970                              {pd product} {ergonomic}
    uintx ReservedCodeCacheSize                    = 251658240                              {pd product} {ergonomic}
     bool SegmentedCodeCache                       = true                                      {product} {ergonomic}
     bool UseCompressedClassPointers               = true                                 {lp64_product} {ergonomic}
     bool UseCompressedOops                        = true                                 {lp64_product} {ergonomic}
     bool UseG1GC                                  = true                                      {product} {ergonomic}
     bool UseLargePagesIndividualAllocation        = false                                  {pd product} {ergonomic}

Logging:
Log output configuration:
 #0: stdout all=warning uptime,level,tags
 #1: stderr all=off uptime,level,tags

Environment Variables:
JAVA_HOME=C:\Program Files\Java\jdk-11.0.10\bin
JRE_HOME=C:\Program Files\Java\jre1.8.0_281\bin
PATH=C:\Program Files (x86)\Common Files\Oracle\Java\javapath;C:\Program Files\Common Files\Oracle\Java\javapath;C:\Program Files (x86)\Intel\iCLS Client\;C:\Program Files\Intel\iCLS Client\;C:\Windows\system32;C:\Windows;C:\Windows\System32\Wbem;C:\Windows\System32\WindowsPowerShell\v1.0\;C:\Windows\System32\OpenSSH\;C:\Program Files (x86)\Intel\Intel(R) Management Engine Components\DAL;C:\Program Files\Intel\Intel(R) Management Engine Components\DAL;C:\Program Files (x86)\Intel\Intel(R) Management Engine Components\IPT;C:\Program Files\Intel\Intel(R) Management Engine Components\IPT;C:\Program Files\Git\cmd;D:\Flutter\flutter\bin;C:\xampp\php;C:\ProgramData\ComposerSetup\bin;C:\Program Files\Java\jdk-11.0.10\bin;C:\ProgramData\chocolatey\bin;D:\Data\Node JS\;c:\Users\YOUR_USERNAME\AppData\Local\Android\Sdk\platform-tools;C:\Program Files\NVIDIA Corporation\NVIDIA NvDLISR;C:\Program Files (x86)\NVIDIA Corporation\PhysX\Common;C:\Program Files\MongoDB\Server\4.4\bin;C:\xampp\tomcat\bin;D:\Data\Go\bin;C:\Users\USER\AppData\Local\Microsoft\WindowsApps;;D:\Data\Microsoft VS Code\bin;C:\Users\USER\AppData\Roaming\Composer\vendor\bin;C:\Users\USER\AppData\Roaming\npm;D:\Data\PyCharm Community Edition 2020.3.5\bin;;D:\Data\IntelliJ IDEA Community Edition 2020.3.3\bin;;C:\Users\USER\go\bin
USERNAME=USER
OS=Windows_NT
PROCESSOR_IDENTIFIER=Intel64 Family 6 Model 142 Stepping 10, GenuineIntel



---------------  S Y S T E M  ---------------

OS: Windows 10 , 64 bit Build 19041 (10.0.19041.928)

CPU:total 8 (initial active 8) (4 cores per cpu, 2 threads per core) family 6 model 142 stepping 10 microcode 0xe0, cmov, cx8, fxsr, mmx, sse, sse2, sse3, ssse3, sse4.1, sse4.2, popcnt, avx, avx2, aes, clmul, erms, 3dnowpref, lzcnt, ht, tsc, tscinvbit, bmi1, bmi2, adx, fma

Memory: 4k page, system-wide physical 12174M (406M free)
TotalPageFile size 27360M (AvailPageFile size 10M)
current process WorkingSet (physical memory assigned to process): 480M, peak: 531M
current process commit charge ("private bytes"): 568M, peak: 620M

vm_info: Java HotSpot(TM) 64-Bit Server VM (11.0.10+8-LTS-162) for windows-amd64 JRE (11.0.10+8-LTS-162), built on Dec  8 2020 16:32:57 by "mach5one" with MS VC++ 15.9 (VS2017)

END.
